Analysis & Synthesis report for lab3
Fri Jan 20 15:14:26 2023
Quartus II 64-Bit Version 13.1.0 Build 162 10/23/2013 SJ Web Edition


---------------------
; Table of Contents ;
---------------------
  1. Legal Notice
  2. Analysis & Synthesis Summary
  3. Analysis & Synthesis Settings
  4. Parallel Compilation
  5. Analysis & Synthesis Source Files Read
  6. Analysis & Synthesis Resource Usage Summary
  7. Analysis & Synthesis Resource Utilization by Entity
  8. State Machine - |lab3|FSM:i_fsm|state
  9. Registers Removed During Synthesis
 10. General Register Statistics
 11. Port Connectivity Checks: "SEG:i_seg"
 12. Port Connectivity Checks: "FSM:i_fsm"
 13. Elapsed Time Per Partition
 14. Analysis & Synthesis Messages
 15. Analysis & Synthesis Suppressed Messages



----------------
; Legal Notice ;
----------------
Copyright (C) 1991-2013 Altera Corporation
Your use of Altera Corporation's design tools, logic functions 
and other software and tools, and its AMPP partner logic 
functions, and any output files from any of the foregoing 
(including device programming or simulation files), and any 
associated documentation or information are expressly subject 
to the terms and conditions of the Altera Program License 
Subscription Agreement, Altera MegaCore Function License 
Agreement, or other applicable license agreement, including, 
without limitation, that your use is for the sole purpose of 
programming logic devices manufactured by Altera and sold by 
Altera or its authorized distributors.  Please refer to the 
applicable agreement for further details.



+---------------------------------------------------------------------------------+
; Analysis & Synthesis Summary                                                    ;
+------------------------------------+--------------------------------------------+
; Analysis & Synthesis Status        ; Successful - Fri Jan 20 15:14:26 2023      ;
; Quartus II 64-Bit Version          ; 13.1.0 Build 162 10/23/2013 SJ Web Edition ;
; Revision Name                      ; lab3                                       ;
; Top-level Entity Name              ; lab3                                       ;
; Family                             ; Cyclone III                                ;
; Total logic elements               ; 22                                         ;
;     Total combinational functions  ; 21                                         ;
;     Dedicated logic registers      ; 13                                         ;
; Total registers                    ; 13                                         ;
; Total pins                         ; 14                                         ;
; Total virtual pins                 ; 0                                          ;
; Total memory bits                  ; 0                                          ;
; Embedded Multiplier 9-bit elements ; 0                                          ;
; Total PLLs                         ; 0                                          ;
+------------------------------------+--------------------------------------------+


+----------------------------------------------------------------------------------------------------------------------+
; Analysis & Synthesis Settings                                                                                        ;
+----------------------------------------------------------------------------+--------------------+--------------------+
; Option                                                                     ; Setting            ; Default Value      ;
+----------------------------------------------------------------------------+--------------------+--------------------+
; Device                                                                     ; EP3C16F484C6       ;                    ;
; Top-level entity name                                                      ; lab3               ; lab3               ;
; Family name                                                                ; Cyclone III        ; Cyclone IV GX      ;
; Use smart compilation                                                      ; Off                ; Off                ;
; Enable parallel Assembler and TimeQuest Timing Analyzer during compilation ; On                 ; On                 ;
; Enable compact report table                                                ; Off                ; Off                ;
; Restructure Multiplexers                                                   ; Auto               ; Auto               ;
; Create Debugging Nodes for IP Cores                                        ; Off                ; Off                ;
; Preserve fewer node names                                                  ; On                 ; On                 ;
; Disable OpenCore Plus hardware evaluation                                  ; Off                ; Off                ;
; Verilog Version                                                            ; Verilog_2001       ; Verilog_2001       ;
; VHDL Version                                                               ; VHDL_1993          ; VHDL_1993          ;
; State Machine Processing                                                   ; Auto               ; Auto               ;
; Safe State Machine                                                         ; Off                ; Off                ;
; Extract Verilog State Machines                                             ; On                 ; On                 ;
; Extract VHDL State Machines                                                ; On                 ; On                 ;
; Ignore Verilog initial constructs                                          ; Off                ; Off                ;
; Iteration limit for constant Verilog loops                                 ; 5000               ; 5000               ;
; Iteration limit for non-constant Verilog loops                             ; 250                ; 250                ;
; Add Pass-Through Logic to Inferred RAMs                                    ; On                 ; On                 ;
; Infer RAMs from Raw Logic                                                  ; On                 ; On                 ;
; Parallel Synthesis                                                         ; On                 ; On                 ;
; DSP Block Balancing                                                        ; Auto               ; Auto               ;
; NOT Gate Push-Back                                                         ; On                 ; On                 ;
; Power-Up Don't Care                                                        ; On                 ; On                 ;
; Remove Redundant Logic Cells                                               ; Off                ; Off                ;
; Remove Duplicate Registers                                                 ; On                 ; On                 ;
; Ignore CARRY Buffers                                                       ; Off                ; Off                ;
; Ignore CASCADE Buffers                                                     ; Off                ; Off                ;
; Ignore GLOBAL Buffers                                                      ; Off                ; Off                ;
; Ignore ROW GLOBAL Buffers                                                  ; Off                ; Off                ;
; Ignore LCELL Buffers                                                       ; Off                ; Off                ;
; Ignore SOFT Buffers                                                        ; On                 ; On                 ;
; Limit AHDL Integers to 32 Bits                                             ; Off                ; Off                ;
; Optimization Technique                                                     ; Balanced           ; Balanced           ;
; Carry Chain Length                                                         ; 70                 ; 70                 ;
; Auto Carry Chains                                                          ; On                 ; On                 ;
; Auto Open-Drain Pins                                                       ; On                 ; On                 ;
; Perform WYSIWYG Primitive Resynthesis                                      ; Off                ; Off                ;
; Auto ROM Replacement                                                       ; On                 ; On                 ;
; Auto RAM Replacement                                                       ; On                 ; On                 ;
; Auto DSP Block Replacement                                                 ; On                 ; On                 ;
; Auto Shift Register Replacement                                            ; Auto               ; Auto               ;
; Allow Shift Register Merging across Hierarchies                            ; Auto               ; Auto               ;
; Auto Clock Enable Replacement                                              ; On                 ; On                 ;
; Strict RAM Replacement                                                     ; Off                ; Off                ;
; Allow Synchronous Control Signals                                          ; On                 ; On                 ;
; Force Use of Synchronous Clear Signals                                     ; Off                ; Off                ;
; Auto RAM Block Balancing                                                   ; On                 ; On                 ;
; Auto RAM to Logic Cell Conversion                                          ; Off                ; Off                ;
; Auto Resource Sharing                                                      ; Off                ; Off                ;
; Allow Any RAM Size For Recognition                                         ; Off                ; Off                ;
; Allow Any ROM Size For Recognition                                         ; Off                ; Off                ;
; Allow Any Shift Register Size For Recognition                              ; Off                ; Off                ;
; Use LogicLock Constraints during Resource Balancing                        ; On                 ; On                 ;
; Ignore translate_off and synthesis_off directives                          ; Off                ; Off                ;
; Timing-Driven Synthesis                                                    ; On                 ; On                 ;
; Report Parameter Settings                                                  ; On                 ; On                 ;
; Report Source Assignments                                                  ; On                 ; On                 ;
; Report Connectivity Checks                                                 ; On                 ; On                 ;
; Ignore Maximum Fan-Out Assignments                                         ; Off                ; Off                ;
; Synchronization Register Chain Length                                      ; 2                  ; 2                  ;
; PowerPlay Power Optimization                                               ; Normal compilation ; Normal compilation ;
; HDL message level                                                          ; Level2             ; Level2             ;
; Suppress Register Optimization Related Messages                            ; Off                ; Off                ;
; Number of Removed Registers Reported in Synthesis Report                   ; 5000               ; 5000               ;
; Number of Swept Nodes Reported in Synthesis Report                         ; 5000               ; 5000               ;
; Number of Inverted Registers Reported in Synthesis Report                  ; 100                ; 100                ;
; Clock MUX Protection                                                       ; On                 ; On                 ;
; Auto Gated Clock Conversion                                                ; Off                ; Off                ;
; Block Design Naming                                                        ; Auto               ; Auto               ;
; SDC constraint protection                                                  ; Off                ; Off                ;
; Synthesis Effort                                                           ; Auto               ; Auto               ;
; Shift Register Replacement - Allow Asynchronous Clear Signal               ; On                 ; On                 ;
; Pre-Mapping Resynthesis Optimization                                       ; Off                ; Off                ;
; Analysis & Synthesis Message Level                                         ; Medium             ; Medium             ;
; Disable Register Merging Across Hierarchies                                ; Auto               ; Auto               ;
; Resource Aware Inference For Block RAM                                     ; On                 ; On                 ;
; Synthesis Seed                                                             ; 1                  ; 1                  ;
+----------------------------------------------------------------------------+--------------------+--------------------+


Parallel compilation was disabled, but you have multiple processors available. Enable parallel compilation to reduce compilation time.
+-------------------------------------+
; Parallel Compilation                ;
+----------------------------+--------+
; Processors                 ; Number ;
+----------------------------+--------+
; Number detected on machine ; 8      ;
; Maximum allowed            ; 1      ;
+----------------------------+--------+


+----------------------------------------------------------------------------------------------------------------------------------------------------------------+
; Analysis & Synthesis Source Files Read                                                                                                                         ;
+----------------------------------+-----------------+------------------------+------------------------------------------------------------------------+---------+
; File Name with User-Entered Path ; Used in Netlist ; File Type              ; File Name with Absolute Path                                           ; Library ;
+----------------------------------+-----------------+------------------------+------------------------------------------------------------------------+---------+
; pulseKey.v                       ; yes             ; User Verilog HDL File  ; C:/File/Lec/undergraduate/COSE221-Digital-Logic-Design/Lab3/pulseKey.v ;         ;
; lab3.v                           ; yes             ; User Verilog HDL File  ; C:/File/Lec/undergraduate/COSE221-Digital-Logic-Design/Lab3/lab3.v     ;         ;
; 7SEG.v                           ; yes             ; User Verilog HDL File  ; C:/File/Lec/undergraduate/COSE221-Digital-Logic-Design/Lab3/7SEG.v     ;         ;
+----------------------------------+-----------------+------------------------+------------------------------------------------------------------------+---------+


+----------------------------------------------------------------+
; Analysis & Synthesis Resource Usage Summary                    ;
+---------------------------------------------+------------------+
; Resource                                    ; Usage            ;
+---------------------------------------------+------------------+
; Estimated Total logic elements              ; 22               ;
;                                             ;                  ;
; Total combinational functions               ; 21               ;
; Logic element usage by number of LUT inputs ;                  ;
;     -- 4 input functions                    ; 9                ;
;     -- 3 input functions                    ; 10               ;
;     -- <=2 input functions                  ; 2                ;
;                                             ;                  ;
; Logic elements by mode                      ;                  ;
;     -- normal mode                          ; 21               ;
;     -- arithmetic mode                      ; 0                ;
;                                             ;                  ;
; Total registers                             ; 13               ;
;     -- Dedicated logic registers            ; 13               ;
;     -- I/O registers                        ; 0                ;
;                                             ;                  ;
; I/O pins                                    ; 14               ;
; Embedded Multiplier 9-bit elements          ; 0                ;
; Maximum fan-out node                        ; CLOCK_50_2~input ;
; Maximum fan-out                             ; 13               ;
; Total fan-out                               ; 123              ;
; Average fan-out                             ; 1.98             ;
+---------------------------------------------+------------------+


+-----------------------------------------------------------------------------------------------------------------------------------------------------------------------------------+
; Analysis & Synthesis Resource Utilization by Entity                                                                                                                               ;
+----------------------------+-------------------+--------------+-------------+--------------+---------+-----------+------+--------------+---------------------------+--------------+
; Compilation Hierarchy Node ; LC Combinationals ; LC Registers ; Memory Bits ; DSP Elements ; DSP 9x9 ; DSP 18x18 ; Pins ; Virtual Pins ; Full Hierarchy Name       ; Library Name ;
+----------------------------+-------------------+--------------+-------------+--------------+---------+-----------+------+--------------+---------------------------+--------------+
; |lab3                      ; 21 (0)            ; 13 (0)       ; 0           ; 0            ; 0       ; 0         ; 14   ; 0            ; |lab3                     ; work         ;
;    |FSM:i_fsm|             ; 13 (13)           ; 11 (11)      ; 0           ; 0            ; 0       ; 0         ; 0    ; 0            ; |lab3|FSM:i_fsm           ; work         ;
;    |SEG:i_seg|             ; 7 (7)             ; 0 (0)        ; 0           ; 0            ; 0       ; 0         ; 0    ; 0            ; |lab3|SEG:i_seg           ; work         ;
;    |pulseKey:i_pulseKey|   ; 1 (1)             ; 2 (2)        ; 0           ; 0            ; 0       ; 0         ; 0    ; 0            ; |lab3|pulseKey:i_pulseKey ; work         ;
+----------------------------+-------------------+--------------+-------------+--------------+---------+-----------+------+--------------+---------------------------+--------------+
Note: For table entries with two numbers listed, the numbers in parentheses indicate the number of resources of the given type used by the specific entity alone. The numbers listed outside of parentheses indicate the total resources of the given type used by the specific entity and all of its sub-entities in the hierarchy.


Encoding Type:  One-Hot
+-----------------------------------------------------------------------------------------------------------+
; State Machine - |lab3|FSM:i_fsm|state                                                                     ;
+-----------+-----------+-----------+-----------+-----------+-----------+-----------+-----------+-----------+
; Name      ; state.111 ; state.110 ; state.101 ; state.100 ; state.011 ; state.010 ; state.001 ; state.000 ;
+-----------+-----------+-----------+-----------+-----------+-----------+-----------+-----------+-----------+
; state.000 ; 0         ; 0         ; 0         ; 0         ; 0         ; 0         ; 0         ; 0         ;
; state.001 ; 0         ; 0         ; 0         ; 0         ; 0         ; 0         ; 1         ; 1         ;
; state.010 ; 0         ; 0         ; 0         ; 0         ; 0         ; 1         ; 0         ; 1         ;
; state.011 ; 0         ; 0         ; 0         ; 0         ; 1         ; 0         ; 0         ; 1         ;
; state.100 ; 0         ; 0         ; 0         ; 1         ; 0         ; 0         ; 0         ; 1         ;
; state.101 ; 0         ; 0         ; 1         ; 0         ; 0         ; 0         ; 0         ; 1         ;
; state.110 ; 0         ; 1         ; 0         ; 0         ; 0         ; 0         ; 0         ; 1         ;
; state.111 ; 1         ; 0         ; 0         ; 0         ; 0         ; 0         ; 0         ; 1         ;
+-----------+-----------+-----------+-----------+-----------+-----------+-----------+-----------+-----------+


+------------------------------------------------------------+
; Registers Removed During Synthesis                         ;
+---------------------------------------+--------------------+
; Register name                         ; Reason for Removal ;
+---------------------------------------+--------------------+
; FSM:i_fsm|state~10                    ; Lost fanout        ;
; FSM:i_fsm|state~11                    ; Lost fanout        ;
; FSM:i_fsm|state~12                    ; Lost fanout        ;
; Total Number of Removed Registers = 3 ;                    ;
+---------------------------------------+--------------------+


+------------------------------------------------------+
; General Register Statistics                          ;
+----------------------------------------------+-------+
; Statistic                                    ; Value ;
+----------------------------------------------+-------+
; Total registers                              ; 13    ;
; Number of registers using Synchronous Clear  ; 0     ;
; Number of registers using Synchronous Load   ; 0     ;
; Number of registers using Asynchronous Clear ; 2     ;
; Number of registers using Asynchronous Load  ; 0     ;
; Number of registers using Clock Enable       ; 0     ;
; Number of registers using Preset             ; 0     ;
+----------------------------------------------+-------+


+--------------------------------------------------------------------------------------------------------------------------------------------------------------------------------------------------------------------+
; Port Connectivity Checks: "SEG:i_seg"                                                                                                                                                                              ;
+-----------+--------+----------+------------------------------------------------------------------------------------------------------------------------------------------------------------------------------------+
; Port      ; Type   ; Severity ; Details                                                                                                                                                                            ;
+-----------+--------+----------+------------------------------------------------------------------------------------------------------------------------------------------------------------------------------------+
; HEX       ; Input  ; Warning  ; Input port expression (32 bits) is wider than the input port (3 bits) it drives.  The 29 most-significant bit(s) in the expression will be dangling if they have no other fanouts. ;
; HEX[2..1] ; Input  ; Info     ; Stuck at GND                                                                                                                                                                       ;
; HEX[0]    ; Input  ; Info     ; Stuck at VCC                                                                                                                                                                       ;
; HEX0_D    ; Output ; Info     ; Explicitly unconnected                                                                                                                                                             ;
; HEX2_D    ; Output ; Info     ; Explicitly unconnected                                                                                                                                                             ;
; HEX3_D    ; Output ; Info     ; Explicitly unconnected                                                                                                                                                             ;
+-----------+--------+----------+------------------------------------------------------------------------------------------------------------------------------------------------------------------------------------+


+--------------------------------------------------------------------------------------------------------------------------------------------------------------------------------------------------------+
; Port Connectivity Checks: "FSM:i_fsm"                                                                                                                                                                  ;
+------------+--------+----------+-----------------------------------------------------------------------------------------------------------------------------------------------------------------------+
; Port       ; Type   ; Severity ; Details                                                                                                                                                               ;
+------------+--------+----------+-----------------------------------------------------------------------------------------------------------------------------------------------------------------------+
; outputdata ; Output ; Warning  ; Output or bidir port (3 bits) is smaller than the port expression (4 bits) it drives.  The 1 most-significant bit(s) in the port expression will be connected to GND. ;
+------------+--------+----------+-----------------------------------------------------------------------------------------------------------------------------------------------------------------------+


+-------------------------------+
; Elapsed Time Per Partition    ;
+----------------+--------------+
; Partition Name ; Elapsed Time ;
+----------------+--------------+
; Top            ; 00:00:00     ;
+----------------+--------------+


+-------------------------------+
; Analysis & Synthesis Messages ;
+-------------------------------+
Info: *******************************************************************
Info: Running Quartus II 64-Bit Analysis & Synthesis
    Info: Version 13.1.0 Build 162 10/23/2013 SJ Web Edition
    Info: Processing started: Fri Jan 20 15:14:25 2023
Info: Command: quartus_map --read_settings_files=on --write_settings_files=off lab3 -c lab3
Warning (20028): Parallel compilation is not licensed and has been disabled
Info (12021): Found 1 design units, including 1 entities, in source file pulsekey.v
    Info (12023): Found entity 1: pulseKey
Info (12021): Found 2 design units, including 2 entities, in source file lab3.v
    Info (12023): Found entity 1: lab3
    Info (12023): Found entity 2: FSM
Info (12021): Found 1 design units, including 1 entities, in source file 7seg.v
    Info (12023): Found entity 1: SEG
Info (12127): Elaborating entity "lab3" for the top level hierarchy
Warning (10230): Verilog HDL assignment warning at lab3.v(26): truncated value with size 4 to match size of target (3)
Info (12128): Elaborating entity "pulseKey" for hierarchy "pulseKey:i_pulseKey"
Info (12128): Elaborating entity "FSM" for hierarchy "FSM:i_fsm"
Info (12128): Elaborating entity "SEG" for hierarchy "SEG:i_seg"
Warning (10235): Verilog HDL Always Construct warning at 7SEG.v(33): variable "num" is read inside the Always Construct but isn't in the Always Construct's Event Control
Warning (10235): Verilog HDL Always Construct warning at 7SEG.v(56): variable "num" is read inside the Always Construct but isn't in the Always Construct's Event Control
Warning (10235): Verilog HDL Always Construct warning at 7SEG.v(79): variable "num" is read inside the Always Construct but isn't in the Always Construct's Event Control
Warning (10235): Verilog HDL Always Construct warning at 7SEG.v(102): variable "num" is read inside the Always Construct but isn't in the Always Construct's Event Control
Warning (10270): Verilog HDL Case Statement warning at 7SEG.v(28): incomplete case statement has no default case item
Warning (10240): Verilog HDL Always Construct warning at 7SEG.v(27): inferring latch(es) for variable "HEX0_D", which holds its previous value in one or more paths through the always construct
Warning (10240): Verilog HDL Always Construct warning at 7SEG.v(27): inferring latch(es) for variable "HEX1_D", which holds its previous value in one or more paths through the always construct
Warning (10240): Verilog HDL Always Construct warning at 7SEG.v(27): inferring latch(es) for variable "HEX2_D", which holds its previous value in one or more paths through the always construct
Warning (10240): Verilog HDL Always Construct warning at 7SEG.v(27): inferring latch(es) for variable "HEX3_D", which holds its previous value in one or more paths through the always construct
Info (10041): Inferred latch for "HEX3_D[0]" at 7SEG.v(27)
Info (10041): Inferred latch for "HEX3_D[1]" at 7SEG.v(27)
Info (10041): Inferred latch for "HEX3_D[2]" at 7SEG.v(27)
Info (10041): Inferred latch for "HEX3_D[3]" at 7SEG.v(27)
Info (10041): Inferred latch for "HEX3_D[4]" at 7SEG.v(27)
Info (10041): Inferred latch for "HEX3_D[5]" at 7SEG.v(27)
Info (10041): Inferred latch for "HEX3_D[6]" at 7SEG.v(27)
Info (10041): Inferred latch for "HEX2_D[0]" at 7SEG.v(27)
Info (10041): Inferred latch for "HEX2_D[1]" at 7SEG.v(27)
Info (10041): Inferred latch for "HEX2_D[2]" at 7SEG.v(27)
Info (10041): Inferred latch for "HEX2_D[3]" at 7SEG.v(27)
Info (10041): Inferred latch for "HEX2_D[4]" at 7SEG.v(27)
Info (10041): Inferred latch for "HEX2_D[5]" at 7SEG.v(27)
Info (10041): Inferred latch for "HEX2_D[6]" at 7SEG.v(27)
Info (10041): Inferred latch for "HEX1_D[0]" at 7SEG.v(27)
Info (10041): Inferred latch for "HEX1_D[1]" at 7SEG.v(27)
Info (10041): Inferred latch for "HEX1_D[2]" at 7SEG.v(27)
Info (10041): Inferred latch for "HEX1_D[3]" at 7SEG.v(27)
Info (10041): Inferred latch for "HEX1_D[4]" at 7SEG.v(27)
Info (10041): Inferred latch for "HEX1_D[5]" at 7SEG.v(27)
Info (10041): Inferred latch for "HEX1_D[6]" at 7SEG.v(27)
Info (10041): Inferred latch for "HEX0_D[0]" at 7SEG.v(27)
Info (10041): Inferred latch for "HEX0_D[1]" at 7SEG.v(27)
Info (10041): Inferred latch for "HEX0_D[2]" at 7SEG.v(27)
Info (10041): Inferred latch for "HEX0_D[3]" at 7SEG.v(27)
Info (10041): Inferred latch for "HEX0_D[4]" at 7SEG.v(27)
Info (10041): Inferred latch for "HEX0_D[5]" at 7SEG.v(27)
Info (10041): Inferred latch for "HEX0_D[6]" at 7SEG.v(27)
Warning (12011): Net is missing source, defaulting to GND
    Warning (12110): Net "out[3]" is missing source, defaulting to GND
Warning (12011): Net is missing source, defaulting to GND
    Warning (12110): Net "out[3]" is missing source, defaulting to GND
Warning (14026): LATCH primitive "SEG:i_seg|HEX1_D[0]" is permanently enabled
Warning (14026): LATCH primitive "SEG:i_seg|HEX1_D[1]" is permanently enabled
Warning (14026): LATCH primitive "SEG:i_seg|HEX1_D[2]" is permanently enabled
Warning (14026): LATCH primitive "SEG:i_seg|HEX1_D[3]" is permanently enabled
Warning (14026): LATCH primitive "SEG:i_seg|HEX1_D[4]" is permanently enabled
Warning (14026): LATCH primitive "SEG:i_seg|HEX1_D[5]" is permanently enabled
Warning (14026): LATCH primitive "SEG:i_seg|HEX1_D[6]" is permanently enabled
Warning (12241): 2 hierarchies have connectivity warnings - see the Connectivity Checks report folder
Info (286030): Timing-Driven Synthesis is running
Info (17049): 3 registers lost all their fanouts during netlist optimizations.
Info (144001): Generated suppressed messages file C:/File/Lec/undergraduate/COSE221-Digital-Logic-Design/Lab3/output_files/lab3.map.smsg
Info (16010): Generating hard_block partition "hard_block:auto_generated_inst"
    Info (16011): Adding 0 node(s), including 0 DDIO, 0 PLL, 0 transceiver and 0 LCELL
Info (21057): Implemented 36 device resources after synthesis - the final resource count might be different
    Info (21058): Implemented 3 input pins
    Info (21059): Implemented 11 output pins
    Info (21061): Implemented 22 logic cells
Info: Quartus II 64-Bit Analysis & Synthesis was successful. 0 errors, 23 warnings
    Info: Peak virtual memory: 4620 megabytes
    Info: Processing ended: Fri Jan 20 15:14:26 2023
    Info: Elapsed time: 00:00:01
    Info: Total CPU time (on all processors): 00:00:01


+------------------------------------------+
; Analysis & Synthesis Suppressed Messages ;
+------------------------------------------+
The suppressed messages can be found in C:/File/Lec/undergraduate/COSE221-Digital-Logic-Design/Lab3/output_files/lab3.map.smsg.


