Analysis & Synthesis report for lab7
Thu Jan 26 17:36:53 2023
Quartus II 64-Bit Version 13.1.0 Build 162 10/23/2013 SJ Web Edition


---------------------
; Table of Contents ;
---------------------
  1. Legal Notice
  2. Analysis & Synthesis Summary
  3. Analysis & Synthesis Settings
  4. Parallel Compilation
  5. Analysis & Synthesis Source Files Read
  6. Analysis & Synthesis Resource Usage Summary
  7. Analysis & Synthesis Resource Utilization by Entity
  8. State Machine - |lab7|FSM_flag
  9. Registers Removed During Synthesis
 10. General Register Statistics
 11. Multiplexer Restructuring Statistics (Restructuring Performed)
 12. Parameter Settings for User Entity Instance: Top-level Entity: |lab7
 13. Parameter Settings for Inferred Entity Instance: lpm_divide:Mod1
 14. Parameter Settings for Inferred Entity Instance: lpm_divide:Mod3
 15. Parameter Settings for Inferred Entity Instance: lpm_divide:Div0
 16. Parameter Settings for Inferred Entity Instance: lpm_divide:Mod0
 17. Parameter Settings for Inferred Entity Instance: lpm_divide:Div1
 18. Parameter Settings for Inferred Entity Instance: lpm_divide:Mod2
 19. Port Connectivity Checks: "SEG:i_seg3"
 20. Port Connectivity Checks: "SEG:i_seg2"
 21. Port Connectivity Checks: "SEG:i_seg1"
 22. Port Connectivity Checks: "SEG:i_seg0"
 23. Port Connectivity Checks: "presclaer:i_presclaer"
 24. Port Connectivity Checks: "pulseKey:i_pulseKey2"
 25. Port Connectivity Checks: "pulseKey:i_pulseKey1"
 26. Elapsed Time Per Partition
 27. Analysis & Synthesis Messages
 28. Analysis & Synthesis Suppressed Messages



----------------
; Legal Notice ;
----------------
Copyright (C) 1991-2013 Altera Corporation
Your use of Altera Corporation's design tools, logic functions 
and other software and tools, and its AMPP partner logic 
functions, and any output files from any of the foregoing 
(including device programming or simulation files), and any 
associated documentation or information are expressly subject 
to the terms and conditions of the Altera Program License 
Subscription Agreement, Altera MegaCore Function License 
Agreement, or other applicable license agreement, including, 
without limitation, that your use is for the sole purpose of 
programming logic devices manufactured by Altera and sold by 
Altera or its authorized distributors.  Please refer to the 
applicable agreement for further details.



+---------------------------------------------------------------------------------+
; Analysis & Synthesis Summary                                                    ;
+------------------------------------+--------------------------------------------+
; Analysis & Synthesis Status        ; Successful - Thu Jan 26 17:36:53 2023      ;
; Quartus II 64-Bit Version          ; 13.1.0 Build 162 10/23/2013 SJ Web Edition ;
; Revision Name                      ; lab7                                       ;
; Top-level Entity Name              ; lab7                                       ;
; Family                             ; Cyclone III                                ;
; Total logic elements               ; 562                                        ;
;     Total combinational functions  ; 546                                        ;
;     Dedicated logic registers      ; 112                                        ;
; Total registers                    ; 112                                        ;
; Total pins                         ; 88                                         ;
; Total virtual pins                 ; 0                                          ;
; Total memory bits                  ; 0                                          ;
; Embedded Multiplier 9-bit elements ; 0                                          ;
; Total PLLs                         ; 0                                          ;
+------------------------------------+--------------------------------------------+


+----------------------------------------------------------------------------------------------------------------------+
; Analysis & Synthesis Settings                                                                                        ;
+----------------------------------------------------------------------------+--------------------+--------------------+
; Option                                                                     ; Setting            ; Default Value      ;
+----------------------------------------------------------------------------+--------------------+--------------------+
; Device                                                                     ; EP3C16F484C6       ;                    ;
; Top-level entity name                                                      ; lab7               ; lab7               ;
; Family name                                                                ; Cyclone III        ; Cyclone IV GX      ;
; Use smart compilation                                                      ; Off                ; Off                ;
; Enable parallel Assembler and TimeQuest Timing Analyzer during compilation ; On                 ; On                 ;
; Enable compact report table                                                ; Off                ; Off                ;
; Restructure Multiplexers                                                   ; Auto               ; Auto               ;
; Create Debugging Nodes for IP Cores                                        ; Off                ; Off                ;
; Preserve fewer node names                                                  ; On                 ; On                 ;
; Disable OpenCore Plus hardware evaluation                                  ; Off                ; Off                ;
; Verilog Version                                                            ; Verilog_2001       ; Verilog_2001       ;
; VHDL Version                                                               ; VHDL_1993          ; VHDL_1993          ;
; State Machine Processing                                                   ; Auto               ; Auto               ;
; Safe State Machine                                                         ; Off                ; Off                ;
; Extract Verilog State Machines                                             ; On                 ; On                 ;
; Extract VHDL State Machines                                                ; On                 ; On                 ;
; Ignore Verilog initial constructs                                          ; Off                ; Off                ;
; Iteration limit for constant Verilog loops                                 ; 5000               ; 5000               ;
; Iteration limit for non-constant Verilog loops                             ; 250                ; 250                ;
; Add Pass-Through Logic to Inferred RAMs                                    ; On                 ; On                 ;
; Infer RAMs from Raw Logic                                                  ; On                 ; On                 ;
; Parallel Synthesis                                                         ; On                 ; On                 ;
; DSP Block Balancing                                                        ; Auto               ; Auto               ;
; NOT Gate Push-Back                                                         ; On                 ; On                 ;
; Power-Up Don't Care                                                        ; On                 ; On                 ;
; Remove Redundant Logic Cells                                               ; Off                ; Off                ;
; Remove Duplicate Registers                                                 ; On                 ; On                 ;
; Ignore CARRY Buffers                                                       ; Off                ; Off                ;
; Ignore CASCADE Buffers                                                     ; Off                ; Off                ;
; Ignore GLOBAL Buffers                                                      ; Off                ; Off                ;
; Ignore ROW GLOBAL Buffers                                                  ; Off                ; Off                ;
; Ignore LCELL Buffers                                                       ; Off                ; Off                ;
; Ignore SOFT Buffers                                                        ; On                 ; On                 ;
; Limit AHDL Integers to 32 Bits                                             ; Off                ; Off                ;
; Optimization Technique                                                     ; Balanced           ; Balanced           ;
; Carry Chain Length                                                         ; 70                 ; 70                 ;
; Auto Carry Chains                                                          ; On                 ; On                 ;
; Auto Open-Drain Pins                                                       ; On                 ; On                 ;
; Perform WYSIWYG Primitive Resynthesis                                      ; Off                ; Off                ;
; Auto ROM Replacement                                                       ; On                 ; On                 ;
; Auto RAM Replacement                                                       ; On                 ; On                 ;
; Auto DSP Block Replacement                                                 ; On                 ; On                 ;
; Auto Shift Register Replacement                                            ; Auto               ; Auto               ;
; Allow Shift Register Merging across Hierarchies                            ; Auto               ; Auto               ;
; Auto Clock Enable Replacement                                              ; On                 ; On                 ;
; Strict RAM Replacement                                                     ; Off                ; Off                ;
; Allow Synchronous Control Signals                                          ; On                 ; On                 ;
; Force Use of Synchronous Clear Signals                                     ; Off                ; Off                ;
; Auto RAM Block Balancing                                                   ; On                 ; On                 ;
; Auto RAM to Logic Cell Conversion                                          ; Off                ; Off                ;
; Auto Resource Sharing                                                      ; Off                ; Off                ;
; Allow Any RAM Size For Recognition                                         ; Off                ; Off                ;
; Allow Any ROM Size For Recognition                                         ; Off                ; Off                ;
; Allow Any Shift Register Size For Recognition                              ; Off                ; Off                ;
; Use LogicLock Constraints during Resource Balancing                        ; On                 ; On                 ;
; Ignore translate_off and synthesis_off directives                          ; Off                ; Off                ;
; Timing-Driven Synthesis                                                    ; On                 ; On                 ;
; Report Parameter Settings                                                  ; On                 ; On                 ;
; Report Source Assignments                                                  ; On                 ; On                 ;
; Report Connectivity Checks                                                 ; On                 ; On                 ;
; Ignore Maximum Fan-Out Assignments                                         ; Off                ; Off                ;
; Synchronization Register Chain Length                                      ; 2                  ; 2                  ;
; PowerPlay Power Optimization                                               ; Normal compilation ; Normal compilation ;
; HDL message level                                                          ; Level2             ; Level2             ;
; Suppress Register Optimization Related Messages                            ; Off                ; Off                ;
; Number of Removed Registers Reported in Synthesis Report                   ; 5000               ; 5000               ;
; Number of Swept Nodes Reported in Synthesis Report                         ; 5000               ; 5000               ;
; Number of Inverted Registers Reported in Synthesis Report                  ; 100                ; 100                ;
; Clock MUX Protection                                                       ; On                 ; On                 ;
; Auto Gated Clock Conversion                                                ; Off                ; Off                ;
; Block Design Naming                                                        ; Auto               ; Auto               ;
; SDC constraint protection                                                  ; Off                ; Off                ;
; Synthesis Effort                                                           ; Auto               ; Auto               ;
; Shift Register Replacement - Allow Asynchronous Clear Signal               ; On                 ; On                 ;
; Pre-Mapping Resynthesis Optimization                                       ; Off                ; Off                ;
; Analysis & Synthesis Message Level                                         ; Medium             ; Medium             ;
; Disable Register Merging Across Hierarchies                                ; Auto               ; Auto               ;
; Resource Aware Inference For Block RAM                                     ; On                 ; On                 ;
; Synthesis Seed                                                             ; 1                  ; 1                  ;
+----------------------------------------------------------------------------+--------------------+--------------------+


Parallel compilation was disabled, but you have multiple processors available. Enable parallel compilation to reduce compilation time.
+-------------------------------------+
; Parallel Compilation                ;
+----------------------------+--------+
; Processors                 ; Number ;
+----------------------------+--------+
; Number detected on machine ; 8      ;
; Maximum allowed            ; 1      ;
+----------------------------+--------+


+--------------------------------------------------------------------------------------------------------------------------------------------------------------------------------------+
; Analysis & Synthesis Source Files Read                                                                                                                                               ;
+----------------------------------+-----------------+------------------------------+----------------------------------------------------------------------------------------+---------+
; File Name with User-Entered Path ; Used in Netlist ; File Type                    ; File Name with Absolute Path                                                           ; Library ;
+----------------------------------+-----------------+------------------------------+----------------------------------------------------------------------------------------+---------+
; 7SEG.v                           ; yes             ; User Verilog HDL File        ; C:/File/Lec/undergraduate/COSE221-Digital-Logic-Design/Lab7/7SEG.v                     ;         ;
; prescaler.v                      ; yes             ; User Verilog HDL File        ; C:/File/Lec/undergraduate/COSE221-Digital-Logic-Design/Lab7/prescaler.v                ;         ;
; lab7.v                           ; yes             ; User Verilog HDL File        ; C:/File/Lec/undergraduate/COSE221-Digital-Logic-Design/Lab7/lab7.v                     ;         ;
; pulsekey.v                       ; yes             ; Auto-Found Verilog HDL File  ; C:/File/Lec/undergraduate/COSE221-Digital-Logic-Design/Lab7/pulsekey.v                 ;         ;
; lpm_divide.tdf                   ; yes             ; Megafunction                 ; c:/altera/13.1/quartus/libraries/megafunctions/lpm_divide.tdf                          ;         ;
; abs_divider.inc                  ; yes             ; Megafunction                 ; c:/altera/13.1/quartus/libraries/megafunctions/abs_divider.inc                         ;         ;
; sign_div_unsign.inc              ; yes             ; Megafunction                 ; c:/altera/13.1/quartus/libraries/megafunctions/sign_div_unsign.inc                     ;         ;
; aglobal131.inc                   ; yes             ; Megafunction                 ; c:/altera/13.1/quartus/libraries/megafunctions/aglobal131.inc                          ;         ;
; db/lpm_divide_e8m.tdf            ; yes             ; Auto-Generated Megafunction  ; C:/File/Lec/undergraduate/COSE221-Digital-Logic-Design/Lab7/db/lpm_divide_e8m.tdf      ;         ;
; db/sign_div_unsign_ckh.tdf       ; yes             ; Auto-Generated Megafunction  ; C:/File/Lec/undergraduate/COSE221-Digital-Logic-Design/Lab7/db/sign_div_unsign_ckh.tdf ;         ;
; db/alt_u_div_33f.tdf             ; yes             ; Auto-Generated Megafunction  ; C:/File/Lec/undergraduate/COSE221-Digital-Logic-Design/Lab7/db/alt_u_div_33f.tdf       ;         ;
; db/add_sub_unc.tdf               ; yes             ; Auto-Generated Megafunction  ; C:/File/Lec/undergraduate/COSE221-Digital-Logic-Design/Lab7/db/add_sub_unc.tdf         ;         ;
; db/add_sub_vnc.tdf               ; yes             ; Auto-Generated Megafunction  ; C:/File/Lec/undergraduate/COSE221-Digital-Logic-Design/Lab7/db/add_sub_vnc.tdf         ;         ;
; db/lpm_divide_bgm.tdf            ; yes             ; Auto-Generated Megafunction  ; C:/File/Lec/undergraduate/COSE221-Digital-Logic-Design/Lab7/db/lpm_divide_bgm.tdf      ;         ;
+----------------------------------+-----------------+------------------------------+----------------------------------------------------------------------------------------+---------+


+----------------------------------------------------------------+
; Analysis & Synthesis Resource Usage Summary                    ;
+---------------------------------------------+------------------+
; Resource                                    ; Usage            ;
+---------------------------------------------+------------------+
; Estimated Total logic elements              ; 562              ;
;                                             ;                  ;
; Total combinational functions               ; 546              ;
; Logic element usage by number of LUT inputs ;                  ;
;     -- 4 input functions                    ; 139              ;
;     -- 3 input functions                    ; 116              ;
;     -- <=2 input functions                  ; 291              ;
;                                             ;                  ;
; Logic elements by mode                      ;                  ;
;     -- normal mode                          ; 359              ;
;     -- arithmetic mode                      ; 187              ;
;                                             ;                  ;
; Total registers                             ; 112              ;
;     -- Dedicated logic registers            ; 112              ;
;     -- I/O registers                        ; 0                ;
;                                             ;                  ;
; I/O pins                                    ; 88               ;
; Embedded Multiplier 9-bit elements          ; 0                ;
; Maximum fan-out node                        ; CLOCK_50_2~input ;
; Maximum fan-out                             ; 112              ;
; Total fan-out                               ; 1893             ;
; Average fan-out                             ; 2.27             ;
+---------------------------------------------+------------------+


+---------------------------------------------------------------------------------------------------------------------------------------------------------------------------------------------------------------------------------------------------------------------------+
; Analysis & Synthesis Resource Utilization by Entity                                                                                                                                                                                                                       ;
+----------------------------------------+-------------------+--------------+-------------+--------------+---------+-----------+------+--------------+-------------------------------------------------------------------------------------------------------+--------------+
; Compilation Hierarchy Node             ; LC Combinationals ; LC Registers ; Memory Bits ; DSP Elements ; DSP 9x9 ; DSP 18x18 ; Pins ; Virtual Pins ; Full Hierarchy Name                                                                                   ; Library Name ;
+----------------------------------------+-------------------+--------------+-------------+--------------+---------+-----------+------+--------------+-------------------------------------------------------------------------------------------------------+--------------+
; |lab7                                  ; 546 (133)         ; 112 (75)     ; 0           ; 0            ; 0       ; 0         ; 88   ; 0            ; |lab7                                                                                                 ; work         ;
;    |SEG:i_seg0|                        ; 7 (7)             ; 0 (0)        ; 0           ; 0            ; 0       ; 0         ; 0    ; 0            ; |lab7|SEG:i_seg0                                                                                      ; work         ;
;    |SEG:i_seg1|                        ; 7 (7)             ; 0 (0)        ; 0           ; 0            ; 0       ; 0         ; 0    ; 0            ; |lab7|SEG:i_seg1                                                                                      ; work         ;
;    |SEG:i_seg2|                        ; 7 (7)             ; 0 (0)        ; 0           ; 0            ; 0       ; 0         ; 0    ; 0            ; |lab7|SEG:i_seg2                                                                                      ; work         ;
;    |SEG:i_seg3|                        ; 7 (7)             ; 0 (0)        ; 0           ; 0            ; 0       ; 0         ; 0    ; 0            ; |lab7|SEG:i_seg3                                                                                      ; work         ;
;    |lpm_divide:Div0|                   ; 69 (0)            ; 0 (0)        ; 0           ; 0            ; 0       ; 0         ; 0    ; 0            ; |lab7|lpm_divide:Div0                                                                                 ; work         ;
;       |lpm_divide_bgm:auto_generated|  ; 69 (0)            ; 0 (0)        ; 0           ; 0            ; 0       ; 0         ; 0    ; 0            ; |lab7|lpm_divide:Div0|lpm_divide_bgm:auto_generated                                                   ; work         ;
;          |sign_div_unsign_ckh:divider| ; 69 (0)            ; 0 (0)        ; 0           ; 0            ; 0       ; 0         ; 0    ; 0            ; |lab7|lpm_divide:Div0|lpm_divide_bgm:auto_generated|sign_div_unsign_ckh:divider                       ; work         ;
;             |alt_u_div_33f:divider|    ; 69 (69)           ; 0 (0)        ; 0           ; 0            ; 0       ; 0         ; 0    ; 0            ; |lab7|lpm_divide:Div0|lpm_divide_bgm:auto_generated|sign_div_unsign_ckh:divider|alt_u_div_33f:divider ; work         ;
;    |lpm_divide:Div1|                   ; 69 (0)            ; 0 (0)        ; 0           ; 0            ; 0       ; 0         ; 0    ; 0            ; |lab7|lpm_divide:Div1                                                                                 ; work         ;
;       |lpm_divide_bgm:auto_generated|  ; 69 (0)            ; 0 (0)        ; 0           ; 0            ; 0       ; 0         ; 0    ; 0            ; |lab7|lpm_divide:Div1|lpm_divide_bgm:auto_generated                                                   ; work         ;
;          |sign_div_unsign_ckh:divider| ; 69 (0)            ; 0 (0)        ; 0           ; 0            ; 0       ; 0         ; 0    ; 0            ; |lab7|lpm_divide:Div1|lpm_divide_bgm:auto_generated|sign_div_unsign_ckh:divider                       ; work         ;
;             |alt_u_div_33f:divider|    ; 69 (69)           ; 0 (0)        ; 0           ; 0            ; 0       ; 0         ; 0    ; 0            ; |lab7|lpm_divide:Div1|lpm_divide_bgm:auto_generated|sign_div_unsign_ckh:divider|alt_u_div_33f:divider ; work         ;
;    |lpm_divide:Mod0|                   ; 33 (0)            ; 0 (0)        ; 0           ; 0            ; 0       ; 0         ; 0    ; 0            ; |lab7|lpm_divide:Mod0                                                                                 ; work         ;
;       |lpm_divide_e8m:auto_generated|  ; 33 (0)            ; 0 (0)        ; 0           ; 0            ; 0       ; 0         ; 0    ; 0            ; |lab7|lpm_divide:Mod0|lpm_divide_e8m:auto_generated                                                   ; work         ;
;          |sign_div_unsign_ckh:divider| ; 33 (0)            ; 0 (0)        ; 0           ; 0            ; 0       ; 0         ; 0    ; 0            ; |lab7|lpm_divide:Mod0|lpm_divide_e8m:auto_generated|sign_div_unsign_ckh:divider                       ; work         ;
;             |alt_u_div_33f:divider|    ; 33 (33)           ; 0 (0)        ; 0           ; 0            ; 0       ; 0         ; 0    ; 0            ; |lab7|lpm_divide:Mod0|lpm_divide_e8m:auto_generated|sign_div_unsign_ckh:divider|alt_u_div_33f:divider ; work         ;
;    |lpm_divide:Mod1|                   ; 69 (0)            ; 0 (0)        ; 0           ; 0            ; 0       ; 0         ; 0    ; 0            ; |lab7|lpm_divide:Mod1                                                                                 ; work         ;
;       |lpm_divide_e8m:auto_generated|  ; 69 (0)            ; 0 (0)        ; 0           ; 0            ; 0       ; 0         ; 0    ; 0            ; |lab7|lpm_divide:Mod1|lpm_divide_e8m:auto_generated                                                   ; work         ;
;          |sign_div_unsign_ckh:divider| ; 69 (0)            ; 0 (0)        ; 0           ; 0            ; 0       ; 0         ; 0    ; 0            ; |lab7|lpm_divide:Mod1|lpm_divide_e8m:auto_generated|sign_div_unsign_ckh:divider                       ; work         ;
;             |alt_u_div_33f:divider|    ; 69 (69)           ; 0 (0)        ; 0           ; 0            ; 0       ; 0         ; 0    ; 0            ; |lab7|lpm_divide:Mod1|lpm_divide_e8m:auto_generated|sign_div_unsign_ckh:divider|alt_u_div_33f:divider ; work         ;
;    |lpm_divide:Mod2|                   ; 31 (0)            ; 0 (0)        ; 0           ; 0            ; 0       ; 0         ; 0    ; 0            ; |lab7|lpm_divide:Mod2                                                                                 ; work         ;
;       |lpm_divide_e8m:auto_generated|  ; 31 (0)            ; 0 (0)        ; 0           ; 0            ; 0       ; 0         ; 0    ; 0            ; |lab7|lpm_divide:Mod2|lpm_divide_e8m:auto_generated                                                   ; work         ;
;          |sign_div_unsign_ckh:divider| ; 31 (0)            ; 0 (0)        ; 0           ; 0            ; 0       ; 0         ; 0    ; 0            ; |lab7|lpm_divide:Mod2|lpm_divide_e8m:auto_generated|sign_div_unsign_ckh:divider                       ; work         ;
;             |alt_u_div_33f:divider|    ; 31 (31)           ; 0 (0)        ; 0           ; 0            ; 0       ; 0         ; 0    ; 0            ; |lab7|lpm_divide:Mod2|lpm_divide_e8m:auto_generated|sign_div_unsign_ckh:divider|alt_u_div_33f:divider ; work         ;
;    |lpm_divide:Mod3|                   ; 69 (0)            ; 0 (0)        ; 0           ; 0            ; 0       ; 0         ; 0    ; 0            ; |lab7|lpm_divide:Mod3                                                                                 ; work         ;
;       |lpm_divide_e8m:auto_generated|  ; 69 (0)            ; 0 (0)        ; 0           ; 0            ; 0       ; 0         ; 0    ; 0            ; |lab7|lpm_divide:Mod3|lpm_divide_e8m:auto_generated                                                   ; work         ;
;          |sign_div_unsign_ckh:divider| ; 69 (0)            ; 0 (0)        ; 0           ; 0            ; 0       ; 0         ; 0    ; 0            ; |lab7|lpm_divide:Mod3|lpm_divide_e8m:auto_generated|sign_div_unsign_ckh:divider                       ; work         ;
;             |alt_u_div_33f:divider|    ; 69 (69)           ; 0 (0)        ; 0           ; 0            ; 0       ; 0         ; 0    ; 0            ; |lab7|lpm_divide:Mod3|lpm_divide_e8m:auto_generated|sign_div_unsign_ckh:divider|alt_u_div_33f:divider ; work         ;
;    |presclaer:i_presclaer|             ; 43 (43)           ; 33 (33)      ; 0           ; 0            ; 0       ; 0         ; 0    ; 0            ; |lab7|presclaer:i_presclaer                                                                           ; work         ;
;    |pulseKey:i_pulseKey1|              ; 1 (1)             ; 2 (2)        ; 0           ; 0            ; 0       ; 0         ; 0    ; 0            ; |lab7|pulseKey:i_pulseKey1                                                                            ; work         ;
;    |pulseKey:i_pulseKey2|              ; 1 (1)             ; 2 (2)        ; 0           ; 0            ; 0       ; 0         ; 0    ; 0            ; |lab7|pulseKey:i_pulseKey2                                                                            ; work         ;
+----------------------------------------+-------------------+--------------+-------------+--------------+---------+-----------+------+--------------+-------------------------------------------------------------------------------------------------------+--------------+
Note: For table entries with two numbers listed, the numbers in parentheses indicate the number of resources of the given type used by the specific entity alone. The numbers listed outside of parentheses indicate the total resources of the given type used by the specific entity and all of its sub-entities in the hierarchy.


Encoding Type:  One-Hot
+---------------------------------------------------------------------+
; State Machine - |lab7|FSM_flag                                      ;
+-------------+-------------+-------------+-------------+-------------+
; Name        ; FSM_flag.11 ; FSM_flag.10 ; FSM_flag.01 ; FSM_flag.00 ;
+-------------+-------------+-------------+-------------+-------------+
; FSM_flag.00 ; 0           ; 0           ; 0           ; 0           ;
; FSM_flag.01 ; 0           ; 0           ; 1           ; 1           ;
; FSM_flag.10 ; 0           ; 1           ; 0           ; 1           ;
; FSM_flag.11 ; 1           ; 0           ; 0           ; 1           ;
+-------------+-------------+-------------+-------------+-------------+


+------------------------------------------------------------+
; Registers Removed During Synthesis                         ;
+---------------------------------------+--------------------+
; Register name                         ; Reason for Removal ;
+---------------------------------------+--------------------+
; FSM_flag~2                            ; Lost fanout        ;
; FSM_flag~3                            ; Lost fanout        ;
; Total Number of Removed Registers = 2 ;                    ;
+---------------------------------------+--------------------+


+------------------------------------------------------+
; General Register Statistics                          ;
+----------------------------------------------+-------+
; Statistic                                    ; Value ;
+----------------------------------------------+-------+
; Total registers                              ; 112   ;
; Number of registers using Synchronous Clear  ; 59    ;
; Number of registers using Synchronous Load   ; 0     ;
; Number of registers using Asynchronous Clear ; 0     ;
; Number of registers using Asynchronous Load  ; 0     ;
; Number of registers using Clock Enable       ; 41    ;
; Number of registers using Preset             ; 0     ;
+----------------------------------------------+-------+


+--------------------------------------------------------------------------------------------------------------------------------------------------+
; Multiplexer Restructuring Statistics (Restructuring Performed)                                                                                   ;
+--------------------+-----------+---------------+----------------------+------------------------+------------+------------------------------------+
; Multiplexer Inputs ; Bus Width ; Baseline Area ; Area if Restructured ; Saving if Restructured ; Registered ; Example Multiplexer Output         ;
+--------------------+-----------+---------------+----------------------+------------------------+------------+------------------------------------+
; 3:1                ; 32 bits   ; 64 LEs        ; 32 LEs               ; 32 LEs                 ; Yes        ; |lab7|presclaer:i_presclaer|cnt[5] ;
; 8:1                ; 9 bits    ; 45 LEs        ; 18 LEs               ; 27 LEs                 ; Yes        ; |lab7|sec[0]~reg0                  ;
; 8:1                ; 9 bits    ; 45 LEs        ; 18 LEs               ; 27 LEs                 ; Yes        ; |lab7|min[5]~reg0                  ;
; 3:1                ; 2 bits    ; 4 LEs         ; 2 LEs                ; 2 LEs                  ; No         ; |lab7|FSM_flag                     ;
+--------------------+-----------+---------------+----------------------+------------------------+------------+------------------------------------+


+----------------------------------------------------------------------+
; Parameter Settings for User Entity Instance: Top-level Entity: |lab7 ;
+----------------+---------+-------------------------------------------+
; Parameter Name ; Value   ; Type                                      ;
+----------------+---------+-------------------------------------------+
; target         ; 5000000 ; Signed Integer                            ;
+----------------+---------+-------------------------------------------+
Note: In order to hide this table in the UI and the text report file, please set the "Show Parameter Settings in Synthesis Report" option in "Analysis and Synthesis Settings -> More Settings" to "Off".


+------------------------------------------------------------------+
; Parameter Settings for Inferred Entity Instance: lpm_divide:Mod1 ;
+------------------------+----------------+------------------------+
; Parameter Name         ; Value          ; Type                   ;
+------------------------+----------------+------------------------+
; LPM_WIDTHN             ; 9              ; Untyped                ;
; LPM_WIDTHD             ; 4              ; Untyped                ;
; LPM_NREPRESENTATION    ; UNSIGNED       ; Untyped                ;
; LPM_DREPRESENTATION    ; UNSIGNED       ; Untyped                ;
; LPM_PIPELINE           ; 0              ; Untyped                ;
; LPM_REMAINDERPOSITIVE  ; TRUE           ; Untyped                ;
; MAXIMIZE_SPEED         ; 5              ; Untyped                ;
; CBXI_PARAMETER         ; lpm_divide_e8m ; Untyped                ;
; CARRY_CHAIN            ; MANUAL         ; Untyped                ;
; OPTIMIZE_FOR_SPEED     ; 5              ; Untyped                ;
; AUTO_CARRY_CHAINS      ; ON             ; AUTO_CARRY             ;
; IGNORE_CARRY_BUFFERS   ; OFF            ; IGNORE_CARRY           ;
; AUTO_CASCADE_CHAINS    ; ON             ; AUTO_CASCADE           ;
; IGNORE_CASCADE_BUFFERS ; OFF            ; IGNORE_CASCADE         ;
+------------------------+----------------+------------------------+
Note: In order to hide this table in the UI and the text report file, please set the "Show Parameter Settings in Synthesis Report" option in "Analysis and Synthesis Settings -> More Settings" to "Off".


+------------------------------------------------------------------+
; Parameter Settings for Inferred Entity Instance: lpm_divide:Mod3 ;
+------------------------+----------------+------------------------+
; Parameter Name         ; Value          ; Type                   ;
+------------------------+----------------+------------------------+
; LPM_WIDTHN             ; 9              ; Untyped                ;
; LPM_WIDTHD             ; 4              ; Untyped                ;
; LPM_NREPRESENTATION    ; UNSIGNED       ; Untyped                ;
; LPM_DREPRESENTATION    ; UNSIGNED       ; Untyped                ;
; LPM_PIPELINE           ; 0              ; Untyped                ;
; LPM_REMAINDERPOSITIVE  ; TRUE           ; Untyped                ;
; MAXIMIZE_SPEED         ; 5              ; Untyped                ;
; CBXI_PARAMETER         ; lpm_divide_e8m ; Untyped                ;
; CARRY_CHAIN            ; MANUAL         ; Untyped                ;
; OPTIMIZE_FOR_SPEED     ; 5              ; Untyped                ;
; AUTO_CARRY_CHAINS      ; ON             ; AUTO_CARRY             ;
; IGNORE_CARRY_BUFFERS   ; OFF            ; IGNORE_CARRY           ;
; AUTO_CASCADE_CHAINS    ; ON             ; AUTO_CASCADE           ;
; IGNORE_CASCADE_BUFFERS ; OFF            ; IGNORE_CASCADE         ;
+------------------------+----------------+------------------------+
Note: In order to hide this table in the UI and the text report file, please set the "Show Parameter Settings in Synthesis Report" option in "Analysis and Synthesis Settings -> More Settings" to "Off".


+------------------------------------------------------------------+
; Parameter Settings for Inferred Entity Instance: lpm_divide:Div0 ;
+------------------------+----------------+------------------------+
; Parameter Name         ; Value          ; Type                   ;
+------------------------+----------------+------------------------+
; LPM_WIDTHN             ; 9              ; Untyped                ;
; LPM_WIDTHD             ; 4              ; Untyped                ;
; LPM_NREPRESENTATION    ; UNSIGNED       ; Untyped                ;
; LPM_DREPRESENTATION    ; UNSIGNED       ; Untyped                ;
; LPM_PIPELINE           ; 0              ; Untyped                ;
; LPM_REMAINDERPOSITIVE  ; TRUE           ; Untyped                ;
; MAXIMIZE_SPEED         ; 5              ; Untyped                ;
; CBXI_PARAMETER         ; lpm_divide_bgm ; Untyped                ;
; CARRY_CHAIN            ; MANUAL         ; Untyped                ;
; OPTIMIZE_FOR_SPEED     ; 5              ; Untyped                ;
; AUTO_CARRY_CHAINS      ; ON             ; AUTO_CARRY             ;
; IGNORE_CARRY_BUFFERS   ; OFF            ; IGNORE_CARRY           ;
; AUTO_CASCADE_CHAINS    ; ON             ; AUTO_CASCADE           ;
; IGNORE_CASCADE_BUFFERS ; OFF            ; IGNORE_CASCADE         ;
+------------------------+----------------+------------------------+
Note: In order to hide this table in the UI and the text report file, please set the "Show Parameter Settings in Synthesis Report" option in "Analysis and Synthesis Settings -> More Settings" to "Off".


+------------------------------------------------------------------+
; Parameter Settings for Inferred Entity Instance: lpm_divide:Mod0 ;
+------------------------+----------------+------------------------+
; Parameter Name         ; Value          ; Type                   ;
+------------------------+----------------+------------------------+
; LPM_WIDTHN             ; 9              ; Untyped                ;
; LPM_WIDTHD             ; 4              ; Untyped                ;
; LPM_NREPRESENTATION    ; UNSIGNED       ; Untyped                ;
; LPM_DREPRESENTATION    ; UNSIGNED       ; Untyped                ;
; LPM_PIPELINE           ; 0              ; Untyped                ;
; LPM_REMAINDERPOSITIVE  ; TRUE           ; Untyped                ;
; MAXIMIZE_SPEED         ; 5              ; Untyped                ;
; CBXI_PARAMETER         ; lpm_divide_e8m ; Untyped                ;
; CARRY_CHAIN            ; MANUAL         ; Untyped                ;
; OPTIMIZE_FOR_SPEED     ; 5              ; Untyped                ;
; AUTO_CARRY_CHAINS      ; ON             ; AUTO_CARRY             ;
; IGNORE_CARRY_BUFFERS   ; OFF            ; IGNORE_CARRY           ;
; AUTO_CASCADE_CHAINS    ; ON             ; AUTO_CASCADE           ;
; IGNORE_CASCADE_BUFFERS ; OFF            ; IGNORE_CASCADE         ;
+------------------------+----------------+------------------------+
Note: In order to hide this table in the UI and the text report file, please set the "Show Parameter Settings in Synthesis Report" option in "Analysis and Synthesis Settings -> More Settings" to "Off".


+------------------------------------------------------------------+
; Parameter Settings for Inferred Entity Instance: lpm_divide:Div1 ;
+------------------------+----------------+------------------------+
; Parameter Name         ; Value          ; Type                   ;
+------------------------+----------------+------------------------+
; LPM_WIDTHN             ; 9              ; Untyped                ;
; LPM_WIDTHD             ; 4              ; Untyped                ;
; LPM_NREPRESENTATION    ; UNSIGNED       ; Untyped                ;
; LPM_DREPRESENTATION    ; UNSIGNED       ; Untyped                ;
; LPM_PIPELINE           ; 0              ; Untyped                ;
; LPM_REMAINDERPOSITIVE  ; TRUE           ; Untyped                ;
; MAXIMIZE_SPEED         ; 5              ; Untyped                ;
; CBXI_PARAMETER         ; lpm_divide_bgm ; Untyped                ;
; CARRY_CHAIN            ; MANUAL         ; Untyped                ;
; OPTIMIZE_FOR_SPEED     ; 5              ; Untyped                ;
; AUTO_CARRY_CHAINS      ; ON             ; AUTO_CARRY             ;
; IGNORE_CARRY_BUFFERS   ; OFF            ; IGNORE_CARRY           ;
; AUTO_CASCADE_CHAINS    ; ON             ; AUTO_CASCADE           ;
; IGNORE_CASCADE_BUFFERS ; OFF            ; IGNORE_CASCADE         ;
+------------------------+----------------+------------------------+
Note: In order to hide this table in the UI and the text report file, please set the "Show Parameter Settings in Synthesis Report" option in "Analysis and Synthesis Settings -> More Settings" to "Off".


+------------------------------------------------------------------+
; Parameter Settings for Inferred Entity Instance: lpm_divide:Mod2 ;
+------------------------+----------------+------------------------+
; Parameter Name         ; Value          ; Type                   ;
+------------------------+----------------+------------------------+
; LPM_WIDTHN             ; 9              ; Untyped                ;
; LPM_WIDTHD             ; 4              ; Untyped                ;
; LPM_NREPRESENTATION    ; UNSIGNED       ; Untyped                ;
; LPM_DREPRESENTATION    ; UNSIGNED       ; Untyped                ;
; LPM_PIPELINE           ; 0              ; Untyped                ;
; LPM_REMAINDERPOSITIVE  ; TRUE           ; Untyped                ;
; MAXIMIZE_SPEED         ; 5              ; Untyped                ;
; CBXI_PARAMETER         ; lpm_divide_e8m ; Untyped                ;
; CARRY_CHAIN            ; MANUAL         ; Untyped                ;
; OPTIMIZE_FOR_SPEED     ; 5              ; Untyped                ;
; AUTO_CARRY_CHAINS      ; ON             ; AUTO_CARRY             ;
; IGNORE_CARRY_BUFFERS   ; OFF            ; IGNORE_CARRY           ;
; AUTO_CASCADE_CHAINS    ; ON             ; AUTO_CASCADE           ;
; IGNORE_CASCADE_BUFFERS ; OFF            ; IGNORE_CASCADE         ;
+------------------------+----------------+------------------------+
Note: In order to hide this table in the UI and the text report file, please set the "Show Parameter Settings in Synthesis Report" option in "Analysis and Synthesis Settings -> More Settings" to "Off".


+--------------------------------------------------------------------------------------------------------------------------------------------------------------------------------------------------------------------+
; Port Connectivity Checks: "SEG:i_seg3"                                                                                                                                                                             ;
+-----------+--------+----------+------------------------------------------------------------------------------------------------------------------------------------------------------------------------------------+
; Port      ; Type   ; Severity ; Details                                                                                                                                                                            ;
+-----------+--------+----------+------------------------------------------------------------------------------------------------------------------------------------------------------------------------------------+
; HEX       ; Input  ; Warning  ; Input port expression (32 bits) is wider than the input port (3 bits) it drives.  The 29 most-significant bit(s) in the expression will be dangling if they have no other fanouts. ;
; HEX[1..0] ; Input  ; Info     ; Stuck at VCC                                                                                                                                                                       ;
; HEX[2]    ; Input  ; Info     ; Stuck at GND                                                                                                                                                                       ;
; HEX0_D    ; Output ; Info     ; Explicitly unconnected                                                                                                                                                             ;
; HEX1_D    ; Output ; Info     ; Explicitly unconnected                                                                                                                                                             ;
; HEX2_D    ; Output ; Info     ; Explicitly unconnected                                                                                                                                                             ;
+-----------+--------+----------+------------------------------------------------------------------------------------------------------------------------------------------------------------------------------------+


+-----------------------------------------------------------------------------------------------------------------------------------------------------------------------------------------------------------------+
; Port Connectivity Checks: "SEG:i_seg2"                                                                                                                                                                          ;
+--------+--------+----------+------------------------------------------------------------------------------------------------------------------------------------------------------------------------------------+
; Port   ; Type   ; Severity ; Details                                                                                                                                                                            ;
+--------+--------+----------+------------------------------------------------------------------------------------------------------------------------------------------------------------------------------------+
; HEX    ; Input  ; Warning  ; Input port expression (32 bits) is wider than the input port (3 bits) it drives.  The 29 most-significant bit(s) in the expression will be dangling if they have no other fanouts. ;
; HEX[2] ; Input  ; Info     ; Stuck at GND                                                                                                                                                                       ;
; HEX[1] ; Input  ; Info     ; Stuck at VCC                                                                                                                                                                       ;
; HEX[0] ; Input  ; Info     ; Stuck at GND                                                                                                                                                                       ;
; HEX0_D ; Output ; Info     ; Explicitly unconnected                                                                                                                                                             ;
; HEX1_D ; Output ; Info     ; Explicitly unconnected                                                                                                                                                             ;
; HEX3_D ; Output ; Info     ; Explicitly unconnected                                                                                                                                                             ;
+--------+--------+----------+------------------------------------------------------------------------------------------------------------------------------------------------------------------------------------+


+--------------------------------------------------------------------------------------------------------------------------------------------------------------------------------------------------------------------+
; Port Connectivity Checks: "SEG:i_seg1"                                                                                                                                                                             ;
+-----------+--------+----------+------------------------------------------------------------------------------------------------------------------------------------------------------------------------------------+
; Port      ; Type   ; Severity ; Details                                                                                                                                                                            ;
+-----------+--------+----------+------------------------------------------------------------------------------------------------------------------------------------------------------------------------------------+
; HEX       ; Input  ; Warning  ; Input port expression (32 bits) is wider than the input port (3 bits) it drives.  The 29 most-significant bit(s) in the expression will be dangling if they have no other fanouts. ;
; HEX[2..1] ; Input  ; Info     ; Stuck at GND                                                                                                                                                                       ;
; HEX[0]    ; Input  ; Info     ; Stuck at VCC                                                                                                                                                                       ;
; HEX0_D    ; Output ; Info     ; Explicitly unconnected                                                                                                                                                             ;
; HEX2_D    ; Output ; Info     ; Explicitly unconnected                                                                                                                                                             ;
; HEX3_D    ; Output ; Info     ; Explicitly unconnected                                                                                                                                                             ;
+-----------+--------+----------+------------------------------------------------------------------------------------------------------------------------------------------------------------------------------------+


+--------------------------------------------------------------------------------------------------------------------------------------------------------------------------------------------------------------------+
; Port Connectivity Checks: "SEG:i_seg0"                                                                                                                                                                             ;
+-----------+--------+----------+------------------------------------------------------------------------------------------------------------------------------------------------------------------------------------+
; Port      ; Type   ; Severity ; Details                                                                                                                                                                            ;
+-----------+--------+----------+------------------------------------------------------------------------------------------------------------------------------------------------------------------------------------+
; HEX       ; Input  ; Warning  ; Input port expression (32 bits) is wider than the input port (3 bits) it drives.  The 29 most-significant bit(s) in the expression will be dangling if they have no other fanouts. ;
; HEX[2..0] ; Input  ; Info     ; Stuck at GND                                                                                                                                                                       ;
; HEX1_D    ; Output ; Info     ; Explicitly unconnected                                                                                                                                                             ;
; HEX2_D    ; Output ; Info     ; Explicitly unconnected                                                                                                                                                             ;
; HEX3_D    ; Output ; Info     ; Explicitly unconnected                                                                                                                                                             ;
+-----------+--------+----------+------------------------------------------------------------------------------------------------------------------------------------------------------------------------------------+


+---------------------------------------------------------------------------------------------------------------------------------------------------------------+
; Port Connectivity Checks: "presclaer:i_presclaer"                                                                                                             ;
+----------------+--------+----------+--------------------------------------------------------------------------------------------------------------------------+
; Port           ; Type   ; Severity ; Details                                                                                                                  ;
+----------------+--------+----------+--------------------------------------------------------------------------------------------------------------------------+
; target[19..18] ; Input  ; Info     ; Stuck at VCC                                                                                                             ;
; target[9..8]   ; Input  ; Info     ; Stuck at VCC                                                                                                             ;
; target[31..23] ; Input  ; Info     ; Stuck at GND                                                                                                             ;
; target[21..20] ; Input  ; Info     ; Stuck at GND                                                                                                             ;
; target[17..15] ; Input  ; Info     ; Stuck at GND                                                                                                             ;
; target[13..12] ; Input  ; Info     ; Stuck at GND                                                                                                             ;
; target[5..0]   ; Input  ; Info     ; Stuck at GND                                                                                                             ;
; target[22]     ; Input  ; Info     ; Stuck at VCC                                                                                                             ;
; target[14]     ; Input  ; Info     ; Stuck at VCC                                                                                                             ;
; target[11]     ; Input  ; Info     ; Stuck at VCC                                                                                                             ;
; target[10]     ; Input  ; Info     ; Stuck at GND                                                                                                             ;
; target[7]      ; Input  ; Info     ; Stuck at GND                                                                                                             ;
; target[6]      ; Input  ; Info     ; Stuck at VCC                                                                                                             ;
; cnt            ; Output ; Warning  ; Output or bidir port (32 bits) is wider than the port expression (1 bits) it drives; bit(s) "cnt[31..1]" have no fanouts ;
; cnt            ; Output ; Info     ; Connected to dangling logic. Logic that only feeds a dangling port will be removed.                                      ;
; preCLK         ; Output ; Info     ; Connected to dangling logic. Logic that only feeds a dangling port will be removed.                                      ;
+----------------+--------+----------+--------------------------------------------------------------------------------------------------------------------------+


+---------------------------------------------------+
; Port Connectivity Checks: "pulseKey:i_pulseKey2"  ;
+-------+-------+----------+------------------------+
; Port  ; Type  ; Severity ; Details                ;
+-------+-------+----------+------------------------+
; reset ; Input ; Info     ; Explicitly unconnected ;
+-------+-------+----------+------------------------+


+---------------------------------------------------+
; Port Connectivity Checks: "pulseKey:i_pulseKey1"  ;
+-------+-------+----------+------------------------+
; Port  ; Type  ; Severity ; Details                ;
+-------+-------+----------+------------------------+
; reset ; Input ; Info     ; Explicitly unconnected ;
+-------+-------+----------+------------------------+


+-------------------------------+
; Elapsed Time Per Partition    ;
+----------------+--------------+
; Partition Name ; Elapsed Time ;
+----------------+--------------+
; Top            ; 00:00:00     ;
+----------------+--------------+


+-------------------------------+
; Analysis & Synthesis Messages ;
+-------------------------------+
Info: *******************************************************************
Info: Running Quartus II 64-Bit Analysis & Synthesis
    Info: Version 13.1.0 Build 162 10/23/2013 SJ Web Edition
    Info: Processing started: Thu Jan 26 17:36:51 2023
Info: Command: quartus_map --read_settings_files=on --write_settings_files=off lab7 -c lab7
Warning (20028): Parallel compilation is not licensed and has been disabled
Info (12021): Found 1 design units, including 1 entities, in source file 7seg.v
    Info (12023): Found entity 1: SEG
Info (12021): Found 1 design units, including 1 entities, in source file prescaler.v
    Info (12023): Found entity 1: presclaer
Info (12021): Found 1 design units, including 1 entities, in source file lab7.v
    Info (12023): Found entity 1: lab7
Warning (10236): Verilog HDL Implicit Net warning at lab7.v(47): created implicit net for "cnt"
Warning (10236): Verilog HDL Implicit Net warning at lab7.v(49): created implicit net for "preCLK"
Info (12127): Elaborating entity "lab7" for the top level hierarchy
Warning (10230): Verilog HDL assignment warning at lab7.v(95): truncated value with size 32 to match size of target (9)
Warning (10230): Verilog HDL assignment warning at lab7.v(96): truncated value with size 32 to match size of target (9)
Warning (10230): Verilog HDL assignment warning at lab7.v(101): truncated value with size 9 to match size of target (4)
Warning (10230): Verilog HDL assignment warning at lab7.v(102): truncated value with size 32 to match size of target (4)
Warning (10230): Verilog HDL assignment warning at lab7.v(103): truncated value with size 32 to match size of target (4)
Warning (10230): Verilog HDL assignment warning at lab7.v(107): truncated value with size 32 to match size of target (9)
Warning (10230): Verilog HDL assignment warning at lab7.v(108): truncated value with size 32 to match size of target (9)
Warning (10230): Verilog HDL assignment warning at lab7.v(113): truncated value with size 9 to match size of target (4)
Warning (10230): Verilog HDL assignment warning at lab7.v(114): truncated value with size 32 to match size of target (4)
Warning (10230): Verilog HDL assignment warning at lab7.v(115): truncated value with size 32 to match size of target (4)
Warning (10230): Verilog HDL assignment warning at lab7.v(121): truncated value with size 9 to match size of target (4)
Warning (10230): Verilog HDL assignment warning at lab7.v(122): truncated value with size 32 to match size of target (4)
Warning (10230): Verilog HDL assignment warning at lab7.v(123): truncated value with size 32 to match size of target (4)
Warning (10230): Verilog HDL assignment warning at lab7.v(128): truncated value with size 32 to match size of target (9)
Warning (10230): Verilog HDL assignment warning at lab7.v(131): truncated value with size 32 to match size of target (9)
Warning (10230): Verilog HDL assignment warning at lab7.v(135): truncated value with size 32 to match size of target (9)
Warning (10230): Verilog HDL assignment warning at lab7.v(139): truncated value with size 9 to match size of target (4)
Warning (10230): Verilog HDL assignment warning at lab7.v(140): truncated value with size 32 to match size of target (4)
Warning (10230): Verilog HDL assignment warning at lab7.v(141): truncated value with size 32 to match size of target (4)
Warning (10230): Verilog HDL assignment warning at lab7.v(142): truncated value with size 9 to match size of target (4)
Info (10264): Verilog HDL Case Statement information at lab7.v(92): all case item expressions in this case statement are onehot
Warning (10230): Verilog HDL assignment warning at lab7.v(145): truncated value with size 11 to match size of target (10)
Warning (10034): Output port "Alarm_flag" at lab7.v(11) has no driver
Warning (12125): Using design file pulsekey.v, which is not specified as a design file for the current project, but contains definitions for 1 design units and 1 entities in project
    Info (12023): Found entity 1: pulseKey
Info (12128): Elaborating entity "pulseKey" for hierarchy "pulseKey:i_pulseKey1"
Info (12128): Elaborating entity "presclaer" for hierarchy "presclaer:i_presclaer"
Warning (10036): Verilog HDL or VHDL warning at prescaler.v(9): object "prescalingCLK" assigned a value but never read
Warning (10230): Verilog HDL assignment warning at prescaler.v(30): truncated value with size 32 to match size of target (1)
Info (12128): Elaborating entity "SEG" for hierarchy "SEG:i_seg0"
Warning (10235): Verilog HDL Always Construct warning at 7SEG.v(33): variable "num" is read inside the Always Construct but isn't in the Always Construct's Event Control
Warning (10235): Verilog HDL Always Construct warning at 7SEG.v(56): variable "num" is read inside the Always Construct but isn't in the Always Construct's Event Control
Warning (10235): Verilog HDL Always Construct warning at 7SEG.v(79): variable "num" is read inside the Always Construct but isn't in the Always Construct's Event Control
Warning (10235): Verilog HDL Always Construct warning at 7SEG.v(102): variable "num" is read inside the Always Construct but isn't in the Always Construct's Event Control
Warning (10270): Verilog HDL Case Statement warning at 7SEG.v(28): incomplete case statement has no default case item
Warning (10240): Verilog HDL Always Construct warning at 7SEG.v(27): inferring latch(es) for variable "HEX0_D", which holds its previous value in one or more paths through the always construct
Warning (10240): Verilog HDL Always Construct warning at 7SEG.v(27): inferring latch(es) for variable "HEX1_D", which holds its previous value in one or more paths through the always construct
Warning (10240): Verilog HDL Always Construct warning at 7SEG.v(27): inferring latch(es) for variable "HEX2_D", which holds its previous value in one or more paths through the always construct
Warning (10240): Verilog HDL Always Construct warning at 7SEG.v(27): inferring latch(es) for variable "HEX3_D", which holds its previous value in one or more paths through the always construct
Info (10041): Inferred latch for "HEX3_D[0]" at 7SEG.v(27)
Info (10041): Inferred latch for "HEX3_D[1]" at 7SEG.v(27)
Info (10041): Inferred latch for "HEX3_D[2]" at 7SEG.v(27)
Info (10041): Inferred latch for "HEX3_D[3]" at 7SEG.v(27)
Info (10041): Inferred latch for "HEX3_D[4]" at 7SEG.v(27)
Info (10041): Inferred latch for "HEX3_D[5]" at 7SEG.v(27)
Info (10041): Inferred latch for "HEX3_D[6]" at 7SEG.v(27)
Info (10041): Inferred latch for "HEX2_D[0]" at 7SEG.v(27)
Info (10041): Inferred latch for "HEX2_D[1]" at 7SEG.v(27)
Info (10041): Inferred latch for "HEX2_D[2]" at 7SEG.v(27)
Info (10041): Inferred latch for "HEX2_D[3]" at 7SEG.v(27)
Info (10041): Inferred latch for "HEX2_D[4]" at 7SEG.v(27)
Info (10041): Inferred latch for "HEX2_D[5]" at 7SEG.v(27)
Info (10041): Inferred latch for "HEX2_D[6]" at 7SEG.v(27)
Info (10041): Inferred latch for "HEX1_D[0]" at 7SEG.v(27)
Info (10041): Inferred latch for "HEX1_D[1]" at 7SEG.v(27)
Info (10041): Inferred latch for "HEX1_D[2]" at 7SEG.v(27)
Info (10041): Inferred latch for "HEX1_D[3]" at 7SEG.v(27)
Info (10041): Inferred latch for "HEX1_D[4]" at 7SEG.v(27)
Info (10041): Inferred latch for "HEX1_D[5]" at 7SEG.v(27)
Info (10041): Inferred latch for "HEX1_D[6]" at 7SEG.v(27)
Info (10041): Inferred latch for "HEX0_D[0]" at 7SEG.v(27)
Info (10041): Inferred latch for "HEX0_D[1]" at 7SEG.v(27)
Info (10041): Inferred latch for "HEX0_D[2]" at 7SEG.v(27)
Info (10041): Inferred latch for "HEX0_D[3]" at 7SEG.v(27)
Info (10041): Inferred latch for "HEX0_D[4]" at 7SEG.v(27)
Info (10041): Inferred latch for "HEX0_D[5]" at 7SEG.v(27)
Info (10041): Inferred latch for "HEX0_D[6]" at 7SEG.v(27)
Warning (14026): LATCH primitive "SEG:i_seg3|HEX3_D[3]" is permanently enabled
Warning (14026): LATCH primitive "SEG:i_seg3|HEX3_D[2]" is permanently enabled
Warning (14026): LATCH primitive "SEG:i_seg3|HEX3_D[1]" is permanently enabled
Warning (14026): LATCH primitive "SEG:i_seg3|HEX3_D[0]" is permanently enabled
Warning (14026): LATCH primitive "SEG:i_seg3|HEX3_D[5]" is permanently enabled
Warning (14026): LATCH primitive "SEG:i_seg3|HEX3_D[4]" is permanently enabled
Warning (14026): LATCH primitive "SEG:i_seg3|HEX3_D[6]" is permanently enabled
Warning (14026): LATCH primitive "SEG:i_seg2|HEX2_D[0]" is permanently enabled
Warning (14026): LATCH primitive "SEG:i_seg2|HEX2_D[1]" is permanently enabled
Warning (14026): LATCH primitive "SEG:i_seg2|HEX2_D[2]" is permanently enabled
Warning (14026): LATCH primitive "SEG:i_seg2|HEX2_D[3]" is permanently enabled
Warning (14026): LATCH primitive "SEG:i_seg2|HEX2_D[4]" is permanently enabled
Warning (14026): LATCH primitive "SEG:i_seg2|HEX2_D[5]" is permanently enabled
Warning (14026): LATCH primitive "SEG:i_seg2|HEX2_D[6]" is permanently enabled
Warning (14026): LATCH primitive "SEG:i_seg1|HEX1_D[0]" is permanently enabled
Warning (14026): LATCH primitive "SEG:i_seg1|HEX1_D[1]" is permanently enabled
Warning (14026): LATCH primitive "SEG:i_seg1|HEX1_D[2]" is permanently enabled
Warning (14026): LATCH primitive "SEG:i_seg1|HEX1_D[3]" is permanently enabled
Warning (14026): LATCH primitive "SEG:i_seg1|HEX1_D[4]" is permanently enabled
Warning (14026): LATCH primitive "SEG:i_seg1|HEX1_D[5]" is permanently enabled
Warning (14026): LATCH primitive "SEG:i_seg1|HEX1_D[6]" is permanently enabled
Warning (14026): LATCH primitive "SEG:i_seg0|HEX0_D[0]" is permanently enabled
Warning (14026): LATCH primitive "SEG:i_seg0|HEX0_D[1]" is permanently enabled
Warning (14026): LATCH primitive "SEG:i_seg0|HEX0_D[2]" is permanently enabled
Warning (14026): LATCH primitive "SEG:i_seg0|HEX0_D[3]" is permanently enabled
Warning (14026): LATCH primitive "SEG:i_seg0|HEX0_D[4]" is permanently enabled
Warning (14026): LATCH primitive "SEG:i_seg0|HEX0_D[5]" is permanently enabled
Warning (14026): LATCH primitive "SEG:i_seg0|HEX0_D[6]" is permanently enabled
Info (278001): Inferred 6 megafunctions from design logic
    Info (278004): Inferred divider/modulo megafunction ("lpm_divide") from the following logic: "Mod1"
    Info (278004): Inferred divider/modulo megafunction ("lpm_divide") from the following logic: "Mod3"
    Info (278004): Inferred divider/modulo megafunction ("lpm_divide") from the following logic: "Div0"
    Info (278004): Inferred divider/modulo megafunction ("lpm_divide") from the following logic: "Mod0"
    Info (278004): Inferred divider/modulo megafunction ("lpm_divide") from the following logic: "Div1"
    Info (278004): Inferred divider/modulo megafunction ("lpm_divide") from the following logic: "Mod2"
Info (12130): Elaborated megafunction instantiation "lpm_divide:Mod1"
Info (12133): Instantiated megafunction "lpm_divide:Mod1" with the following parameter:
    Info (12134): Parameter "LPM_WIDTHN" = "9"
    Info (12134): Parameter "LPM_WIDTHD" = "4"
    Info (12134): Parameter "LPM_NREPRESENTATION" = "UNSIGNED"
    Info (12134): Parameter "LPM_DREPRESENTATION" = "UNSIGNED"
Info (12021): Found 1 design units, including 1 entities, in source file db/lpm_divide_e8m.tdf
    Info (12023): Found entity 1: lpm_divide_e8m
Info (12021): Found 1 design units, including 1 entities, in source file db/sign_div_unsign_ckh.tdf
    Info (12023): Found entity 1: sign_div_unsign_ckh
Info (12021): Found 1 design units, including 1 entities, in source file db/alt_u_div_33f.tdf
    Info (12023): Found entity 1: alt_u_div_33f
Info (12021): Found 1 design units, including 1 entities, in source file db/add_sub_unc.tdf
    Info (12023): Found entity 1: add_sub_unc
Info (12021): Found 1 design units, including 1 entities, in source file db/add_sub_vnc.tdf
    Info (12023): Found entity 1: add_sub_vnc
Info (12130): Elaborated megafunction instantiation "lpm_divide:Div0"
Info (12133): Instantiated megafunction "lpm_divide:Div0" with the following parameter:
    Info (12134): Parameter "LPM_WIDTHN" = "9"
    Info (12134): Parameter "LPM_WIDTHD" = "4"
    Info (12134): Parameter "LPM_NREPRESENTATION" = "UNSIGNED"
    Info (12134): Parameter "LPM_DREPRESENTATION" = "UNSIGNED"
Info (12021): Found 1 design units, including 1 entities, in source file db/lpm_divide_bgm.tdf
    Info (12023): Found entity 1: lpm_divide_bgm
Warning (12241): 5 hierarchies have connectivity warnings - see the Connectivity Checks report folder
Warning (13024): Output pins are stuck at VCC or GND
    Warning (13410): Pin "Alarm_flag" is stuck at GND
Info (286030): Timing-Driven Synthesis is running
Info (17049): 2 registers lost all their fanouts during netlist optimizations.
Info (17016): Found the following redundant logic cells in design
    Info (17048): Logic cell "lpm_divide:Mod0|lpm_divide_e8m:auto_generated|sign_div_unsign_ckh:divider|alt_u_div_33f:divider|add_sub_8_result_int[0]~0"
    Info (17048): Logic cell "lpm_divide:Mod0|lpm_divide_e8m:auto_generated|sign_div_unsign_ckh:divider|alt_u_div_33f:divider|add_sub_6_result_int[0]~10"
Info (144001): Generated suppressed messages file C:/File/Lec/undergraduate/COSE221-Digital-Logic-Design/Lab7/output_files/lab7.map.smsg
Info (16010): Generating hard_block partition "hard_block:auto_generated_inst"
    Info (16011): Adding 0 node(s), including 0 DDIO, 0 PLL, 0 transceiver and 0 LCELL
Warning (21074): Design contains 16 input pin(s) that do not drive logic
    Warning (15610): No output dependent on input pin "SW[0]"
    Warning (15610): No output dependent on input pin "SW[1]"
    Warning (15610): No output dependent on input pin "SW[2]"
    Warning (15610): No output dependent on input pin "SW[3]"
    Warning (15610): No output dependent on input pin "SW[4]"
    Warning (15610): No output dependent on input pin "SW[5]"
    Warning (15610): No output dependent on input pin "SW[6]"
    Warning (15610): No output dependent on input pin "SW[7]"
    Warning (15610): No output dependent on input pin "BUTTON[0]"
    Warning (15610): No output dependent on input pin "BUTTON[3]"
    Warning (15610): No output dependent on input pin "BUTTON[4]"
    Warning (15610): No output dependent on input pin "BUTTON[5]"
    Warning (15610): No output dependent on input pin "BUTTON[6]"
    Warning (15610): No output dependent on input pin "BUTTON[7]"
    Warning (15610): No output dependent on input pin "BUTTON[8]"
    Warning (15610): No output dependent on input pin "BUTTON[9]"
Info (21057): Implemented 650 device resources after synthesis - the final resource count might be different
    Info (21058): Implemented 21 input pins
    Info (21059): Implemented 67 output pins
    Info (21061): Implemented 562 logic cells
Info: Quartus II 64-Bit Analysis & Synthesis was successful. 0 errors, 85 warnings
    Info: Peak virtual memory: 4638 megabytes
    Info: Processing ended: Thu Jan 26 17:36:53 2023
    Info: Elapsed time: 00:00:02
    Info: Total CPU time (on all processors): 00:00:01


+------------------------------------------+
; Analysis & Synthesis Suppressed Messages ;
+------------------------------------------+
The suppressed messages can be found in C:/File/Lec/undergraduate/COSE221-Digital-Logic-Design/Lab7/output_files/lab7.map.smsg.


