Analysis & Synthesis report for lab5
Fri Jan 20 17:25:06 2023
Quartus II 64-Bit Version 13.1.0 Build 162 10/23/2013 SJ Web Edition


---------------------
; Table of Contents ;
---------------------
  1. Legal Notice
  2. Analysis & Synthesis Summary
  3. Analysis & Synthesis Settings
  4. Parallel Compilation
  5. Analysis & Synthesis Source Files Read
  6. Analysis & Synthesis Resource Usage Summary
  7. Analysis & Synthesis Resource Utilization by Entity
  8. State Machine - |lab5|FSM:i_fsm|mode
  9. Registers Removed During Synthesis
 10. General Register Statistics
 11. Multiplexer Restructuring Statistics (Restructuring Performed)
 12. Parameter Settings for User Entity Instance: FSM:i_fsm
 13. Parameter Settings for Inferred Entity Instance: FSM:i_fsm|lpm_divide:Div0
 14. Parameter Settings for Inferred Entity Instance: FSM:i_fsm|lpm_divide:Mod0
 15. Parameter Settings for Inferred Entity Instance: FSM:i_fsm|lpm_divide:Mod1
 16. Port Connectivity Checks: "SEG:i_seg3"
 17. Port Connectivity Checks: "SEG:i_seg1"
 18. Port Connectivity Checks: "SEG:i_seg0"
 19. Port Connectivity Checks: "pulseKey:i_pulseKey9"
 20. Port Connectivity Checks: "pulseKey:i_pulseKey4"
 21. Port Connectivity Checks: "pulseKey:i_pulseKey3"
 22. Port Connectivity Checks: "pulseKey:i_pulseKey2"
 23. Port Connectivity Checks: "pulseKey:i_pulseKey1"
 24. Port Connectivity Checks: "pulseKey:i_pulseKey0"
 25. Elapsed Time Per Partition
 26. Analysis & Synthesis Messages



----------------
; Legal Notice ;
----------------
Copyright (C) 1991-2013 Altera Corporation
Your use of Altera Corporation's design tools, logic functions 
and other software and tools, and its AMPP partner logic 
functions, and any output files from any of the foregoing 
(including device programming or simulation files), and any 
associated documentation or information are expressly subject 
to the terms and conditions of the Altera Program License 
Subscription Agreement, Altera MegaCore Function License 
Agreement, or other applicable license agreement, including, 
without limitation, that your use is for the sole purpose of 
programming logic devices manufactured by Altera and sold by 
Altera or its authorized distributors.  Please refer to the 
applicable agreement for further details.



+---------------------------------------------------------------------------------+
; Analysis & Synthesis Summary                                                    ;
+------------------------------------+--------------------------------------------+
; Analysis & Synthesis Status        ; Successful - Fri Jan 20 17:25:06 2023      ;
; Quartus II 64-Bit Version          ; 13.1.0 Build 162 10/23/2013 SJ Web Edition ;
; Revision Name                      ; lab5                                       ;
; Top-level Entity Name              ; lab5                                       ;
; Family                             ; Cyclone III                                ;
; Total logic elements               ; 112                                        ;
;     Total combinational functions  ; 107                                        ;
;     Dedicated logic registers      ; 23                                         ;
; Total registers                    ; 23                                         ;
; Total pins                         ; 52                                         ;
; Total virtual pins                 ; 0                                          ;
; Total memory bits                  ; 0                                          ;
; Embedded Multiplier 9-bit elements ; 0                                          ;
; Total PLLs                         ; 0                                          ;
+------------------------------------+--------------------------------------------+


+----------------------------------------------------------------------------------------------------------------------+
; Analysis & Synthesis Settings                                                                                        ;
+----------------------------------------------------------------------------+--------------------+--------------------+
; Option                                                                     ; Setting            ; Default Value      ;
+----------------------------------------------------------------------------+--------------------+--------------------+
; Device                                                                     ; EP3C16F484C6       ;                    ;
; Top-level entity name                                                      ; lab5               ; lab5               ;
; Family name                                                                ; Cyclone III        ; Cyclone IV GX      ;
; Use smart compilation                                                      ; Off                ; Off                ;
; Enable parallel Assembler and TimeQuest Timing Analyzer during compilation ; On                 ; On                 ;
; Enable compact report table                                                ; Off                ; Off                ;
; Restructure Multiplexers                                                   ; Auto               ; Auto               ;
; Create Debugging Nodes for IP Cores                                        ; Off                ; Off                ;
; Preserve fewer node names                                                  ; On                 ; On                 ;
; Disable OpenCore Plus hardware evaluation                                  ; Off                ; Off                ;
; Verilog Version                                                            ; Verilog_2001       ; Verilog_2001       ;
; VHDL Version                                                               ; VHDL_1993          ; VHDL_1993          ;
; State Machine Processing                                                   ; Auto               ; Auto               ;
; Safe State Machine                                                         ; Off                ; Off                ;
; Extract Verilog State Machines                                             ; On                 ; On                 ;
; Extract VHDL State Machines                                                ; On                 ; On                 ;
; Ignore Verilog initial constructs                                          ; Off                ; Off                ;
; Iteration limit for constant Verilog loops                                 ; 5000               ; 5000               ;
; Iteration limit for non-constant Verilog loops                             ; 250                ; 250                ;
; Add Pass-Through Logic to Inferred RAMs                                    ; On                 ; On                 ;
; Infer RAMs from Raw Logic                                                  ; On                 ; On                 ;
; Parallel Synthesis                                                         ; On                 ; On                 ;
; DSP Block Balancing                                                        ; Auto               ; Auto               ;
; NOT Gate Push-Back                                                         ; On                 ; On                 ;
; Power-Up Don't Care                                                        ; On                 ; On                 ;
; Remove Redundant Logic Cells                                               ; Off                ; Off                ;
; Remove Duplicate Registers                                                 ; On                 ; On                 ;
; Ignore CARRY Buffers                                                       ; Off                ; Off                ;
; Ignore CASCADE Buffers                                                     ; Off                ; Off                ;
; Ignore GLOBAL Buffers                                                      ; Off                ; Off                ;
; Ignore ROW GLOBAL Buffers                                                  ; Off                ; Off                ;
; Ignore LCELL Buffers                                                       ; Off                ; Off                ;
; Ignore SOFT Buffers                                                        ; On                 ; On                 ;
; Limit AHDL Integers to 32 Bits                                             ; Off                ; Off                ;
; Optimization Technique                                                     ; Balanced           ; Balanced           ;
; Carry Chain Length                                                         ; 70                 ; 70                 ;
; Auto Carry Chains                                                          ; On                 ; On                 ;
; Auto Open-Drain Pins                                                       ; On                 ; On                 ;
; Perform WYSIWYG Primitive Resynthesis                                      ; Off                ; Off                ;
; Auto ROM Replacement                                                       ; On                 ; On                 ;
; Auto RAM Replacement                                                       ; On                 ; On                 ;
; Auto DSP Block Replacement                                                 ; On                 ; On                 ;
; Auto Shift Register Replacement                                            ; Auto               ; Auto               ;
; Allow Shift Register Merging across Hierarchies                            ; Auto               ; Auto               ;
; Auto Clock Enable Replacement                                              ; On                 ; On                 ;
; Strict RAM Replacement                                                     ; Off                ; Off                ;
; Allow Synchronous Control Signals                                          ; On                 ; On                 ;
; Force Use of Synchronous Clear Signals                                     ; Off                ; Off                ;
; Auto RAM Block Balancing                                                   ; On                 ; On                 ;
; Auto RAM to Logic Cell Conversion                                          ; Off                ; Off                ;
; Auto Resource Sharing                                                      ; Off                ; Off                ;
; Allow Any RAM Size For Recognition                                         ; Off                ; Off                ;
; Allow Any ROM Size For Recognition                                         ; Off                ; Off                ;
; Allow Any Shift Register Size For Recognition                              ; Off                ; Off                ;
; Use LogicLock Constraints during Resource Balancing                        ; On                 ; On                 ;
; Ignore translate_off and synthesis_off directives                          ; Off                ; Off                ;
; Timing-Driven Synthesis                                                    ; On                 ; On                 ;
; Report Parameter Settings                                                  ; On                 ; On                 ;
; Report Source Assignments                                                  ; On                 ; On                 ;
; Report Connectivity Checks                                                 ; On                 ; On                 ;
; Ignore Maximum Fan-Out Assignments                                         ; Off                ; Off                ;
; Synchronization Register Chain Length                                      ; 2                  ; 2                  ;
; PowerPlay Power Optimization                                               ; Normal compilation ; Normal compilation ;
; HDL message level                                                          ; Level2             ; Level2             ;
; Suppress Register Optimization Related Messages                            ; Off                ; Off                ;
; Number of Removed Registers Reported in Synthesis Report                   ; 5000               ; 5000               ;
; Number of Swept Nodes Reported in Synthesis Report                         ; 5000               ; 5000               ;
; Number of Inverted Registers Reported in Synthesis Report                  ; 100                ; 100                ;
; Clock MUX Protection                                                       ; On                 ; On                 ;
; Auto Gated Clock Conversion                                                ; Off                ; Off                ;
; Block Design Naming                                                        ; Auto               ; Auto               ;
; SDC constraint protection                                                  ; Off                ; Off                ;
; Synthesis Effort                                                           ; Auto               ; Auto               ;
; Shift Register Replacement - Allow Asynchronous Clear Signal               ; On                 ; On                 ;
; Pre-Mapping Resynthesis Optimization                                       ; Off                ; Off                ;
; Analysis & Synthesis Message Level                                         ; Medium             ; Medium             ;
; Disable Register Merging Across Hierarchies                                ; Auto               ; Auto               ;
; Resource Aware Inference For Block RAM                                     ; On                 ; On                 ;
; Synthesis Seed                                                             ; 1                  ; 1                  ;
+----------------------------------------------------------------------------+--------------------+--------------------+


Parallel compilation was disabled, but you have multiple processors available. Enable parallel compilation to reduce compilation time.
+-------------------------------------+
; Parallel Compilation                ;
+----------------------------+--------+
; Processors                 ; Number ;
+----------------------------+--------+
; Number detected on machine ; 8      ;
; Maximum allowed            ; 1      ;
+----------------------------+--------+


+--------------------------------------------------------------------------------------------------------------------------------------------------------------------------------------+
; Analysis & Synthesis Source Files Read                                                                                                                                               ;
+----------------------------------+-----------------+------------------------------+----------------------------------------------------------------------------------------+---------+
; File Name with User-Entered Path ; Used in Netlist ; File Type                    ; File Name with Absolute Path                                                           ; Library ;
+----------------------------------+-----------------+------------------------------+----------------------------------------------------------------------------------------+---------+
; pulseKey.v                       ; yes             ; User Verilog HDL File        ; C:/File/Lec/undergraduate/COSE221-Digital-Logic-Design/Lab5/pulseKey.v                 ;         ;
; 7SEG.v                           ; yes             ; User Verilog HDL File        ; C:/File/Lec/undergraduate/COSE221-Digital-Logic-Design/Lab5/7SEG.v                     ;         ;
; lab5.v                           ; yes             ; User Verilog HDL File        ; C:/File/Lec/undergraduate/COSE221-Digital-Logic-Design/Lab5/lab5.v                     ;         ;
; lpm_divide.tdf                   ; yes             ; Megafunction                 ; c:/altera/13.1/quartus/libraries/megafunctions/lpm_divide.tdf                          ;         ;
; abs_divider.inc                  ; yes             ; Megafunction                 ; c:/altera/13.1/quartus/libraries/megafunctions/abs_divider.inc                         ;         ;
; sign_div_unsign.inc              ; yes             ; Megafunction                 ; c:/altera/13.1/quartus/libraries/megafunctions/sign_div_unsign.inc                     ;         ;
; aglobal131.inc                   ; yes             ; Megafunction                 ; c:/altera/13.1/quartus/libraries/megafunctions/aglobal131.inc                          ;         ;
; db/lpm_divide_7gm.tdf            ; yes             ; Auto-Generated Megafunction  ; C:/File/Lec/undergraduate/COSE221-Digital-Logic-Design/Lab5/db/lpm_divide_7gm.tdf      ;         ;
; db/sign_div_unsign_8kh.tdf       ; yes             ; Auto-Generated Megafunction  ; C:/File/Lec/undergraduate/COSE221-Digital-Logic-Design/Lab5/db/sign_div_unsign_8kh.tdf ;         ;
; db/alt_u_div_r2f.tdf             ; yes             ; Auto-Generated Megafunction  ; C:/File/Lec/undergraduate/COSE221-Digital-Logic-Design/Lab5/db/alt_u_div_r2f.tdf       ;         ;
; db/add_sub_unc.tdf               ; yes             ; Auto-Generated Megafunction  ; C:/File/Lec/undergraduate/COSE221-Digital-Logic-Design/Lab5/db/add_sub_unc.tdf         ;         ;
; db/add_sub_vnc.tdf               ; yes             ; Auto-Generated Megafunction  ; C:/File/Lec/undergraduate/COSE221-Digital-Logic-Design/Lab5/db/add_sub_vnc.tdf         ;         ;
; db/lpm_divide_a8m.tdf            ; yes             ; Auto-Generated Megafunction  ; C:/File/Lec/undergraduate/COSE221-Digital-Logic-Design/Lab5/db/lpm_divide_a8m.tdf      ;         ;
+----------------------------------+-----------------+------------------------------+----------------------------------------------------------------------------------------+---------+


+----------------------------------------------------------------+
; Analysis & Synthesis Resource Usage Summary                    ;
+---------------------------------------------+------------------+
; Resource                                    ; Usage            ;
+---------------------------------------------+------------------+
; Estimated Total logic elements              ; 112              ;
;                                             ;                  ;
; Total combinational functions               ; 107              ;
; Logic element usage by number of LUT inputs ;                  ;
;     -- 4 input functions                    ; 40               ;
;     -- 3 input functions                    ; 18               ;
;     -- <=2 input functions                  ; 49               ;
;                                             ;                  ;
; Logic elements by mode                      ;                  ;
;     -- normal mode                          ; 85               ;
;     -- arithmetic mode                      ; 22               ;
;                                             ;                  ;
; Total registers                             ; 23               ;
;     -- Dedicated logic registers            ; 23               ;
;     -- I/O registers                        ; 0                ;
;                                             ;                  ;
; I/O pins                                    ; 52               ;
; Embedded Multiplier 9-bit elements          ; 0                ;
; Maximum fan-out node                        ; CLOCK_50_2~input ;
; Maximum fan-out                             ; 23               ;
; Total fan-out                               ; 456              ;
; Average fan-out                             ; 1.95             ;
+---------------------------------------------+------------------+


+----------------------------------------------------------------------------------------------------------------------------------------------------------------------------------------------------------------------------------------------------------------------------------------+
; Analysis & Synthesis Resource Utilization by Entity                                                                                                                                                                                                                                    ;
+-------------------------------------------+-------------------+--------------+-------------+--------------+---------+-----------+------+--------------+-----------------------------------------------------------------------------------------------------------------+--------------+
; Compilation Hierarchy Node                ; LC Combinationals ; LC Registers ; Memory Bits ; DSP Elements ; DSP 9x9 ; DSP 18x18 ; Pins ; Virtual Pins ; Full Hierarchy Name                                                                                             ; Library Name ;
+-------------------------------------------+-------------------+--------------+-------------+--------------+---------+-----------+------+--------------+-----------------------------------------------------------------------------------------------------------------+--------------+
; |lab5                                     ; 107 (0)           ; 23 (0)       ; 0           ; 0            ; 0       ; 0         ; 52   ; 0            ; |lab5                                                                                                           ; work         ;
;    |FSM:i_fsm|                            ; 85 (48)           ; 13 (13)      ; 0           ; 0            ; 0       ; 0         ; 0    ; 0            ; |lab5|FSM:i_fsm                                                                                                 ; work         ;
;       |lpm_divide:Div0|                   ; 17 (0)            ; 0 (0)        ; 0           ; 0            ; 0       ; 0         ; 0    ; 0            ; |lab5|FSM:i_fsm|lpm_divide:Div0                                                                                 ; work         ;
;          |lpm_divide_7gm:auto_generated|  ; 17 (0)            ; 0 (0)        ; 0           ; 0            ; 0       ; 0         ; 0    ; 0            ; |lab5|FSM:i_fsm|lpm_divide:Div0|lpm_divide_7gm:auto_generated                                                   ; work         ;
;             |sign_div_unsign_8kh:divider| ; 17 (0)            ; 0 (0)        ; 0           ; 0            ; 0       ; 0         ; 0    ; 0            ; |lab5|FSM:i_fsm|lpm_divide:Div0|lpm_divide_7gm:auto_generated|sign_div_unsign_8kh:divider                       ; work         ;
;                |alt_u_div_r2f:divider|    ; 17 (17)           ; 0 (0)        ; 0           ; 0            ; 0       ; 0         ; 0    ; 0            ; |lab5|FSM:i_fsm|lpm_divide:Div0|lpm_divide_7gm:auto_generated|sign_div_unsign_8kh:divider|alt_u_div_r2f:divider ; work         ;
;       |lpm_divide:Mod1|                   ; 20 (0)            ; 0 (0)        ; 0           ; 0            ; 0       ; 0         ; 0    ; 0            ; |lab5|FSM:i_fsm|lpm_divide:Mod1                                                                                 ; work         ;
;          |lpm_divide_a8m:auto_generated|  ; 20 (0)            ; 0 (0)        ; 0           ; 0            ; 0       ; 0         ; 0    ; 0            ; |lab5|FSM:i_fsm|lpm_divide:Mod1|lpm_divide_a8m:auto_generated                                                   ; work         ;
;             |sign_div_unsign_8kh:divider| ; 20 (0)            ; 0 (0)        ; 0           ; 0            ; 0       ; 0         ; 0    ; 0            ; |lab5|FSM:i_fsm|lpm_divide:Mod1|lpm_divide_a8m:auto_generated|sign_div_unsign_8kh:divider                       ; work         ;
;                |alt_u_div_r2f:divider|    ; 20 (20)           ; 0 (0)        ; 0           ; 0            ; 0       ; 0         ; 0    ; 0            ; |lab5|FSM:i_fsm|lpm_divide:Mod1|lpm_divide_a8m:auto_generated|sign_div_unsign_8kh:divider|alt_u_div_r2f:divider ; work         ;
;    |SEG:i_seg0|                           ; 7 (7)             ; 0 (0)        ; 0           ; 0            ; 0       ; 0         ; 0    ; 0            ; |lab5|SEG:i_seg0                                                                                                ; work         ;
;    |SEG:i_seg1|                           ; 3 (3)             ; 0 (0)        ; 0           ; 0            ; 0       ; 0         ; 0    ; 0            ; |lab5|SEG:i_seg1                                                                                                ; work         ;
;    |SEG:i_seg3|                           ; 7 (7)             ; 0 (0)        ; 0           ; 0            ; 0       ; 0         ; 0    ; 0            ; |lab5|SEG:i_seg3                                                                                                ; work         ;
;    |pulseKey:i_pulseKey1|                 ; 1 (1)             ; 2 (2)        ; 0           ; 0            ; 0       ; 0         ; 0    ; 0            ; |lab5|pulseKey:i_pulseKey1                                                                                      ; work         ;
;    |pulseKey:i_pulseKey2|                 ; 1 (1)             ; 2 (2)        ; 0           ; 0            ; 0       ; 0         ; 0    ; 0            ; |lab5|pulseKey:i_pulseKey2                                                                                      ; work         ;
;    |pulseKey:i_pulseKey3|                 ; 1 (1)             ; 2 (2)        ; 0           ; 0            ; 0       ; 0         ; 0    ; 0            ; |lab5|pulseKey:i_pulseKey3                                                                                      ; work         ;
;    |pulseKey:i_pulseKey4|                 ; 1 (1)             ; 2 (2)        ; 0           ; 0            ; 0       ; 0         ; 0    ; 0            ; |lab5|pulseKey:i_pulseKey4                                                                                      ; work         ;
;    |pulseKey:i_pulseKey9|                 ; 1 (1)             ; 2 (2)        ; 0           ; 0            ; 0       ; 0         ; 0    ; 0            ; |lab5|pulseKey:i_pulseKey9                                                                                      ; work         ;
+-------------------------------------------+-------------------+--------------+-------------+--------------+---------+-----------+------+--------------+-----------------------------------------------------------------------------------------------------------------+--------------+
Note: For table entries with two numbers listed, the numbers in parentheses indicate the number of resources of the given type used by the specific entity alone. The numbers listed outside of parentheses indicate the total resources of the given type used by the specific entity and all of its sub-entities in the hierarchy.


Encoding Type:  One-Hot
+---------------------------------------------------------------------+
; State Machine - |lab5|FSM:i_fsm|mode                                ;
+-----------------+----------------+-----------------+----------------+
; Name            ; mode.modeINPUT ; mode.modeCHARGE ; mode.modeCOFFE ;
+-----------------+----------------+-----------------+----------------+
; mode.modeINPUT  ; 0              ; 0               ; 0              ;
; mode.modeCOFFE  ; 1              ; 0               ; 1              ;
; mode.modeCHARGE ; 1              ; 1               ; 0              ;
+-----------------+----------------+-----------------+----------------+


+--------------------------------------------------------------------------------+
; Registers Removed During Synthesis                                             ;
+---------------------------------------+----------------------------------------+
; Register name                         ; Reason for Removal                     ;
+---------------------------------------+----------------------------------------+
; pulseKey:i_pulseKey0|keyPulse         ; Stuck at GND due to stuck port data_in ;
; pulseKey:i_pulseKey0|q_DFF            ; Lost fanout                            ;
; FSM:i_fsm|mode~7                      ; Lost fanout                            ;
; Total Number of Removed Registers = 3 ;                                        ;
+---------------------------------------+----------------------------------------+


+------------------------------------------------------+
; General Register Statistics                          ;
+----------------------------------------------+-------+
; Statistic                                    ; Value ;
+----------------------------------------------+-------+
; Total registers                              ; 23    ;
; Number of registers using Synchronous Clear  ; 5     ;
; Number of registers using Synchronous Load   ; 0     ;
; Number of registers using Asynchronous Clear ; 10    ;
; Number of registers using Asynchronous Load  ; 0     ;
; Number of registers using Clock Enable       ; 5     ;
; Number of registers using Preset             ; 0     ;
+----------------------------------------------+-------+


+------------------------------------------------------------------------------------------------------------------------------------------+
; Multiplexer Restructuring Statistics (Restructuring Performed)                                                                           ;
+--------------------+-----------+---------------+----------------------+------------------------+------------+----------------------------+
; Multiplexer Inputs ; Bus Width ; Baseline Area ; Area if Restructured ; Saving if Restructured ; Registered ; Example Multiplexer Output ;
+--------------------+-----------+---------------+----------------------+------------------------+------------+----------------------------+
; 5:1                ; 5 bits    ; 15 LEs        ; 5 LEs                ; 10 LEs                 ; Yes        ; |lab5|FSM:i_fsm|coffe[0]   ;
; 3:1                ; 2 bits    ; 4 LEs         ; 2 LEs                ; 2 LEs                  ; No         ; |lab5|FSM:i_fsm|mode       ;
; 3:1                ; 4 bits    ; 8 LEs         ; 4 LEs                ; 4 LEs                  ; No         ; |lab5|FSM:i_fsm|money      ;
; 5:1                ; 2 bits    ; 6 LEs         ; 4 LEs                ; 2 LEs                  ; No         ; |lab5|FSM:i_fsm|money      ;
; 5:1                ; 3 bits    ; 9 LEs         ; 6 LEs                ; 3 LEs                  ; No         ; |lab5|FSM:i_fsm|money      ;
+--------------------+-----------+---------------+----------------------+------------------------+------------+----------------------------+


+--------------------------------------------------------+
; Parameter Settings for User Entity Instance: FSM:i_fsm ;
+----------------+-------+-------------------------------+
; Parameter Name ; Value ; Type                          ;
+----------------+-------+-------------------------------+
; modeINPUT      ; 0     ; Signed Integer                ;
; modeCOFFE      ; 1     ; Signed Integer                ;
; modeCHARGE     ; 2     ; Signed Integer                ;
+----------------+-------+-------------------------------+
Note: In order to hide this table in the UI and the text report file, please set the "Show Parameter Settings in Synthesis Report" option in "Analysis and Synthesis Settings -> More Settings" to "Off".


+----------------------------------------------------------------------------+
; Parameter Settings for Inferred Entity Instance: FSM:i_fsm|lpm_divide:Div0 ;
+------------------------+----------------+----------------------------------+
; Parameter Name         ; Value          ; Type                             ;
+------------------------+----------------+----------------------------------+
; LPM_WIDTHN             ; 5              ; Untyped                          ;
; LPM_WIDTHD             ; 4              ; Untyped                          ;
; LPM_NREPRESENTATION    ; UNSIGNED       ; Untyped                          ;
; LPM_DREPRESENTATION    ; UNSIGNED       ; Untyped                          ;
; LPM_PIPELINE           ; 0              ; Untyped                          ;
; LPM_REMAINDERPOSITIVE  ; TRUE           ; Untyped                          ;
; MAXIMIZE_SPEED         ; 5              ; Untyped                          ;
; CBXI_PARAMETER         ; lpm_divide_7gm ; Untyped                          ;
; CARRY_CHAIN            ; MANUAL         ; Untyped                          ;
; OPTIMIZE_FOR_SPEED     ; 5              ; Untyped                          ;
; AUTO_CARRY_CHAINS      ; ON             ; AUTO_CARRY                       ;
; IGNORE_CARRY_BUFFERS   ; OFF            ; IGNORE_CARRY                     ;
; AUTO_CASCADE_CHAINS    ; ON             ; AUTO_CASCADE                     ;
; IGNORE_CASCADE_BUFFERS ; OFF            ; IGNORE_CASCADE                   ;
+------------------------+----------------+----------------------------------+
Note: In order to hide this table in the UI and the text report file, please set the "Show Parameter Settings in Synthesis Report" option in "Analysis and Synthesis Settings -> More Settings" to "Off".


+----------------------------------------------------------------------------+
; Parameter Settings for Inferred Entity Instance: FSM:i_fsm|lpm_divide:Mod0 ;
+------------------------+----------------+----------------------------------+
; Parameter Name         ; Value          ; Type                             ;
+------------------------+----------------+----------------------------------+
; LPM_WIDTHN             ; 5              ; Untyped                          ;
; LPM_WIDTHD             ; 4              ; Untyped                          ;
; LPM_NREPRESENTATION    ; UNSIGNED       ; Untyped                          ;
; LPM_DREPRESENTATION    ; UNSIGNED       ; Untyped                          ;
; LPM_PIPELINE           ; 0              ; Untyped                          ;
; LPM_REMAINDERPOSITIVE  ; TRUE           ; Untyped                          ;
; MAXIMIZE_SPEED         ; 5              ; Untyped                          ;
; CBXI_PARAMETER         ; lpm_divide_a8m ; Untyped                          ;
; CARRY_CHAIN            ; MANUAL         ; Untyped                          ;
; OPTIMIZE_FOR_SPEED     ; 5              ; Untyped                          ;
; AUTO_CARRY_CHAINS      ; ON             ; AUTO_CARRY                       ;
; IGNORE_CARRY_BUFFERS   ; OFF            ; IGNORE_CARRY                     ;
; AUTO_CASCADE_CHAINS    ; ON             ; AUTO_CASCADE                     ;
; IGNORE_CASCADE_BUFFERS ; OFF            ; IGNORE_CASCADE                   ;
+------------------------+----------------+----------------------------------+
Note: In order to hide this table in the UI and the text report file, please set the "Show Parameter Settings in Synthesis Report" option in "Analysis and Synthesis Settings -> More Settings" to "Off".


+----------------------------------------------------------------------------+
; Parameter Settings for Inferred Entity Instance: FSM:i_fsm|lpm_divide:Mod1 ;
+------------------------+----------------+----------------------------------+
; Parameter Name         ; Value          ; Type                             ;
+------------------------+----------------+----------------------------------+
; LPM_WIDTHN             ; 5              ; Untyped                          ;
; LPM_WIDTHD             ; 4              ; Untyped                          ;
; LPM_NREPRESENTATION    ; UNSIGNED       ; Untyped                          ;
; LPM_DREPRESENTATION    ; UNSIGNED       ; Untyped                          ;
; LPM_PIPELINE           ; 0              ; Untyped                          ;
; LPM_REMAINDERPOSITIVE  ; TRUE           ; Untyped                          ;
; MAXIMIZE_SPEED         ; 5              ; Untyped                          ;
; CBXI_PARAMETER         ; lpm_divide_a8m ; Untyped                          ;
; CARRY_CHAIN            ; MANUAL         ; Untyped                          ;
; OPTIMIZE_FOR_SPEED     ; 5              ; Untyped                          ;
; AUTO_CARRY_CHAINS      ; ON             ; AUTO_CARRY                       ;
; IGNORE_CARRY_BUFFERS   ; OFF            ; IGNORE_CARRY                     ;
; AUTO_CASCADE_CHAINS    ; ON             ; AUTO_CASCADE                     ;
; IGNORE_CASCADE_BUFFERS ; OFF            ; IGNORE_CASCADE                   ;
+------------------------+----------------+----------------------------------+
Note: In order to hide this table in the UI and the text report file, please set the "Show Parameter Settings in Synthesis Report" option in "Analysis and Synthesis Settings -> More Settings" to "Off".


+--------------------------------------------------------------------------------------------------------------------------------------------------------------------------------------------------------------------+
; Port Connectivity Checks: "SEG:i_seg3"                                                                                                                                                                             ;
+-----------+--------+----------+------------------------------------------------------------------------------------------------------------------------------------------------------------------------------------+
; Port      ; Type   ; Severity ; Details                                                                                                                                                                            ;
+-----------+--------+----------+------------------------------------------------------------------------------------------------------------------------------------------------------------------------------------+
; HEX       ; Input  ; Warning  ; Input port expression (32 bits) is wider than the input port (3 bits) it drives.  The 29 most-significant bit(s) in the expression will be dangling if they have no other fanouts. ;
; HEX[1..0] ; Input  ; Info     ; Stuck at VCC                                                                                                                                                                       ;
; HEX[2]    ; Input  ; Info     ; Stuck at GND                                                                                                                                                                       ;
; num       ; Input  ; Warning  ; Input port expression (5 bits) is wider than the input port (4 bits) it drives.  The 1 most-significant bit(s) in the expression will be dangling if they have no other fanouts.   ;
; HEX0_D    ; Output ; Warning  ; Declared by entity but not connected by instance. Logic that only feeds a dangling port will be removed.                                                                           ;
; HEX1_D    ; Output ; Warning  ; Declared by entity but not connected by instance. Logic that only feeds a dangling port will be removed.                                                                           ;
; HEX2_D    ; Output ; Warning  ; Declared by entity but not connected by instance. Logic that only feeds a dangling port will be removed.                                                                           ;
+-----------+--------+----------+------------------------------------------------------------------------------------------------------------------------------------------------------------------------------------+


+--------------------------------------------------------------------------------------------------------------------------------------------------------------------------------------------------------------------+
; Port Connectivity Checks: "SEG:i_seg1"                                                                                                                                                                             ;
+-----------+--------+----------+------------------------------------------------------------------------------------------------------------------------------------------------------------------------------------+
; Port      ; Type   ; Severity ; Details                                                                                                                                                                            ;
+-----------+--------+----------+------------------------------------------------------------------------------------------------------------------------------------------------------------------------------------+
; HEX       ; Input  ; Warning  ; Input port expression (32 bits) is wider than the input port (3 bits) it drives.  The 29 most-significant bit(s) in the expression will be dangling if they have no other fanouts. ;
; HEX[2..1] ; Input  ; Info     ; Stuck at GND                                                                                                                                                                       ;
; HEX[0]    ; Input  ; Info     ; Stuck at VCC                                                                                                                                                                       ;
; num       ; Input  ; Warning  ; Input port expression (5 bits) is wider than the input port (4 bits) it drives.  The 1 most-significant bit(s) in the expression will be dangling if they have no other fanouts.   ;
; HEX0_D    ; Output ; Warning  ; Declared by entity but not connected by instance. Logic that only feeds a dangling port will be removed.                                                                           ;
; HEX2_D    ; Output ; Warning  ; Declared by entity but not connected by instance. Logic that only feeds a dangling port will be removed.                                                                           ;
; HEX3_D    ; Output ; Warning  ; Declared by entity but not connected by instance. Logic that only feeds a dangling port will be removed.                                                                           ;
+-----------+--------+----------+------------------------------------------------------------------------------------------------------------------------------------------------------------------------------------+


+--------------------------------------------------------------------------------------------------------------------------------------------------------------------------------------------------------------------+
; Port Connectivity Checks: "SEG:i_seg0"                                                                                                                                                                             ;
+-----------+--------+----------+------------------------------------------------------------------------------------------------------------------------------------------------------------------------------------+
; Port      ; Type   ; Severity ; Details                                                                                                                                                                            ;
+-----------+--------+----------+------------------------------------------------------------------------------------------------------------------------------------------------------------------------------------+
; HEX       ; Input  ; Warning  ; Input port expression (32 bits) is wider than the input port (3 bits) it drives.  The 29 most-significant bit(s) in the expression will be dangling if they have no other fanouts. ;
; HEX[2..0] ; Input  ; Info     ; Stuck at GND                                                                                                                                                                       ;
; num       ; Input  ; Warning  ; Input port expression (5 bits) is wider than the input port (4 bits) it drives.  The 1 most-significant bit(s) in the expression will be dangling if they have no other fanouts.   ;
; HEX1_D    ; Output ; Warning  ; Declared by entity but not connected by instance. Logic that only feeds a dangling port will be removed.                                                                           ;
; HEX2_D    ; Output ; Warning  ; Declared by entity but not connected by instance. Logic that only feeds a dangling port will be removed.                                                                           ;
; HEX3_D    ; Output ; Warning  ; Declared by entity but not connected by instance. Logic that only feeds a dangling port will be removed.                                                                           ;
+-----------+--------+----------+------------------------------------------------------------------------------------------------------------------------------------------------------------------------------------+


+--------------------------------------------------------------------------------------------------------------------------------------------------------------------------------------------------------------+
; Port Connectivity Checks: "pulseKey:i_pulseKey9"                                                                                                                                                             ;
+-------+-------+----------+-----------------------------------------------------------------------------------------------------------------------------------------------------------------------------------+
; Port  ; Type  ; Severity ; Details                                                                                                                                                                           ;
+-------+-------+----------+-----------------------------------------------------------------------------------------------------------------------------------------------------------------------------------+
; reset ; Input ; Warning  ; Input port expression (10 bits) is wider than the input port (1 bits) it drives.  The 9 most-significant bit(s) in the expression will be dangling if they have no other fanouts. ;
+-------+-------+----------+-----------------------------------------------------------------------------------------------------------------------------------------------------------------------------------+


+--------------------------------------------------------------------------------------------------------------------------------------------------------------------------------------------------------------+
; Port Connectivity Checks: "pulseKey:i_pulseKey4"                                                                                                                                                             ;
+-------+-------+----------+-----------------------------------------------------------------------------------------------------------------------------------------------------------------------------------+
; Port  ; Type  ; Severity ; Details                                                                                                                                                                           ;
+-------+-------+----------+-----------------------------------------------------------------------------------------------------------------------------------------------------------------------------------+
; reset ; Input ; Warning  ; Input port expression (10 bits) is wider than the input port (1 bits) it drives.  The 9 most-significant bit(s) in the expression will be dangling if they have no other fanouts. ;
+-------+-------+----------+-----------------------------------------------------------------------------------------------------------------------------------------------------------------------------------+


+--------------------------------------------------------------------------------------------------------------------------------------------------------------------------------------------------------------+
; Port Connectivity Checks: "pulseKey:i_pulseKey3"                                                                                                                                                             ;
+-------+-------+----------+-----------------------------------------------------------------------------------------------------------------------------------------------------------------------------------+
; Port  ; Type  ; Severity ; Details                                                                                                                                                                           ;
+-------+-------+----------+-----------------------------------------------------------------------------------------------------------------------------------------------------------------------------------+
; reset ; Input ; Warning  ; Input port expression (10 bits) is wider than the input port (1 bits) it drives.  The 9 most-significant bit(s) in the expression will be dangling if they have no other fanouts. ;
+-------+-------+----------+-----------------------------------------------------------------------------------------------------------------------------------------------------------------------------------+


+--------------------------------------------------------------------------------------------------------------------------------------------------------------------------------------------------------------+
; Port Connectivity Checks: "pulseKey:i_pulseKey2"                                                                                                                                                             ;
+-------+-------+----------+-----------------------------------------------------------------------------------------------------------------------------------------------------------------------------------+
; Port  ; Type  ; Severity ; Details                                                                                                                                                                           ;
+-------+-------+----------+-----------------------------------------------------------------------------------------------------------------------------------------------------------------------------------+
; reset ; Input ; Warning  ; Input port expression (10 bits) is wider than the input port (1 bits) it drives.  The 9 most-significant bit(s) in the expression will be dangling if they have no other fanouts. ;
+-------+-------+----------+-----------------------------------------------------------------------------------------------------------------------------------------------------------------------------------+


+--------------------------------------------------------------------------------------------------------------------------------------------------------------------------------------------------------------+
; Port Connectivity Checks: "pulseKey:i_pulseKey1"                                                                                                                                                             ;
+-------+-------+----------+-----------------------------------------------------------------------------------------------------------------------------------------------------------------------------------+
; Port  ; Type  ; Severity ; Details                                                                                                                                                                           ;
+-------+-------+----------+-----------------------------------------------------------------------------------------------------------------------------------------------------------------------------------+
; reset ; Input ; Warning  ; Input port expression (10 bits) is wider than the input port (1 bits) it drives.  The 9 most-significant bit(s) in the expression will be dangling if they have no other fanouts. ;
+-------+-------+----------+-----------------------------------------------------------------------------------------------------------------------------------------------------------------------------------+


+--------------------------------------------------------------------------------------------------------------------------------------------------------------------------------------------------------------+
; Port Connectivity Checks: "pulseKey:i_pulseKey0"                                                                                                                                                             ;
+-------+-------+----------+-----------------------------------------------------------------------------------------------------------------------------------------------------------------------------------+
; Port  ; Type  ; Severity ; Details                                                                                                                                                                           ;
+-------+-------+----------+-----------------------------------------------------------------------------------------------------------------------------------------------------------------------------------+
; reset ; Input ; Warning  ; Input port expression (10 bits) is wider than the input port (1 bits) it drives.  The 9 most-significant bit(s) in the expression will be dangling if they have no other fanouts. ;
+-------+-------+----------+-----------------------------------------------------------------------------------------------------------------------------------------------------------------------------------+


+-------------------------------+
; Elapsed Time Per Partition    ;
+----------------+--------------+
; Partition Name ; Elapsed Time ;
+----------------+--------------+
; Top            ; 00:00:00     ;
+----------------+--------------+


+-------------------------------+
; Analysis & Synthesis Messages ;
+-------------------------------+
Info: *******************************************************************
Info: Running Quartus II 64-Bit Analysis & Synthesis
    Info: Version 13.1.0 Build 162 10/23/2013 SJ Web Edition
    Info: Processing started: Fri Jan 20 17:25:05 2023
Info: Command: quartus_map --read_settings_files=on --write_settings_files=off lab5 -c lab5
Warning (20028): Parallel compilation is not licensed and has been disabled
Info (12021): Found 1 design units, including 1 entities, in source file pulsekey.v
    Info (12023): Found entity 1: pulseKey
Info (12021): Found 1 design units, including 1 entities, in source file 7seg.v
    Info (12023): Found entity 1: SEG
Info (12021): Found 2 design units, including 2 entities, in source file lab5.v
    Info (12023): Found entity 1: lab5
    Info (12023): Found entity 2: FSM
Info (12127): Elaborating entity "lab5" for the top level hierarchy
Info (12128): Elaborating entity "pulseKey" for hierarchy "pulseKey:i_pulseKey0"
Info (12128): Elaborating entity "FSM" for hierarchy "FSM:i_fsm"
Warning (10230): Verilog HDL assignment warning at lab5.v(99): truncated value with size 32 to match size of target (5)
Warning (10230): Verilog HDL assignment warning at lab5.v(100): truncated value with size 32 to match size of target (5)
Warning (10230): Verilog HDL assignment warning at lab5.v(101): truncated value with size 32 to match size of target (5)
Warning (10230): Verilog HDL assignment warning at lab5.v(107): truncated value with size 32 to match size of target (5)
Warning (10230): Verilog HDL assignment warning at lab5.v(108): truncated value with size 32 to match size of target (5)
Warning (10230): Verilog HDL assignment warning at lab5.v(115): truncated value with size 32 to match size of target (5)
Warning (10230): Verilog HDL assignment warning at lab5.v(116): truncated value with size 32 to match size of target (5)
Info (10264): Verilog HDL Case Statement information at lab5.v(97): all case item expressions in this case statement are onehot
Warning (10230): Verilog HDL assignment warning at lab5.v(129): truncated value with size 32 to match size of target (5)
Warning (10230): Verilog HDL assignment warning at lab5.v(130): truncated value with size 32 to match size of target (5)
Info (12128): Elaborating entity "SEG" for hierarchy "SEG:i_seg0"
Warning (10235): Verilog HDL Always Construct warning at 7SEG.v(33): variable "num" is read inside the Always Construct but isn't in the Always Construct's Event Control
Warning (10235): Verilog HDL Always Construct warning at 7SEG.v(56): variable "num" is read inside the Always Construct but isn't in the Always Construct's Event Control
Warning (10235): Verilog HDL Always Construct warning at 7SEG.v(79): variable "num" is read inside the Always Construct but isn't in the Always Construct's Event Control
Warning (10235): Verilog HDL Always Construct warning at 7SEG.v(102): variable "num" is read inside the Always Construct but isn't in the Always Construct's Event Control
Warning (10270): Verilog HDL Case Statement warning at 7SEG.v(28): incomplete case statement has no default case item
Warning (10240): Verilog HDL Always Construct warning at 7SEG.v(27): inferring latch(es) for variable "HEX0_D", which holds its previous value in one or more paths through the always construct
Warning (10240): Verilog HDL Always Construct warning at 7SEG.v(27): inferring latch(es) for variable "HEX1_D", which holds its previous value in one or more paths through the always construct
Warning (10240): Verilog HDL Always Construct warning at 7SEG.v(27): inferring latch(es) for variable "HEX2_D", which holds its previous value in one or more paths through the always construct
Warning (10240): Verilog HDL Always Construct warning at 7SEG.v(27): inferring latch(es) for variable "HEX3_D", which holds its previous value in one or more paths through the always construct
Info (10041): Inferred latch for "HEX3_D[0]" at 7SEG.v(27)
Info (10041): Inferred latch for "HEX3_D[1]" at 7SEG.v(27)
Info (10041): Inferred latch for "HEX3_D[2]" at 7SEG.v(27)
Info (10041): Inferred latch for "HEX3_D[3]" at 7SEG.v(27)
Info (10041): Inferred latch for "HEX3_D[4]" at 7SEG.v(27)
Info (10041): Inferred latch for "HEX3_D[5]" at 7SEG.v(27)
Info (10041): Inferred latch for "HEX3_D[6]" at 7SEG.v(27)
Info (10041): Inferred latch for "HEX2_D[0]" at 7SEG.v(27)
Info (10041): Inferred latch for "HEX2_D[1]" at 7SEG.v(27)
Info (10041): Inferred latch for "HEX2_D[2]" at 7SEG.v(27)
Info (10041): Inferred latch for "HEX2_D[3]" at 7SEG.v(27)
Info (10041): Inferred latch for "HEX2_D[4]" at 7SEG.v(27)
Info (10041): Inferred latch for "HEX2_D[5]" at 7SEG.v(27)
Info (10041): Inferred latch for "HEX2_D[6]" at 7SEG.v(27)
Info (10041): Inferred latch for "HEX1_D[0]" at 7SEG.v(27)
Info (10041): Inferred latch for "HEX1_D[1]" at 7SEG.v(27)
Info (10041): Inferred latch for "HEX1_D[2]" at 7SEG.v(27)
Info (10041): Inferred latch for "HEX1_D[3]" at 7SEG.v(27)
Info (10041): Inferred latch for "HEX1_D[4]" at 7SEG.v(27)
Info (10041): Inferred latch for "HEX1_D[5]" at 7SEG.v(27)
Info (10041): Inferred latch for "HEX1_D[6]" at 7SEG.v(27)
Info (10041): Inferred latch for "HEX0_D[0]" at 7SEG.v(27)
Info (10041): Inferred latch for "HEX0_D[1]" at 7SEG.v(27)
Info (10041): Inferred latch for "HEX0_D[2]" at 7SEG.v(27)
Info (10041): Inferred latch for "HEX0_D[3]" at 7SEG.v(27)
Info (10041): Inferred latch for "HEX0_D[4]" at 7SEG.v(27)
Info (10041): Inferred latch for "HEX0_D[5]" at 7SEG.v(27)
Info (10041): Inferred latch for "HEX0_D[6]" at 7SEG.v(27)
Warning (14026): LATCH primitive "SEG:i_seg3|HEX3_D[3]" is permanently enabled
Warning (14026): LATCH primitive "SEG:i_seg3|HEX3_D[2]" is permanently enabled
Warning (14026): LATCH primitive "SEG:i_seg3|HEX3_D[1]" is permanently enabled
Warning (14026): LATCH primitive "SEG:i_seg3|HEX3_D[0]" is permanently enabled
Warning (14026): LATCH primitive "SEG:i_seg3|HEX3_D[5]" is permanently enabled
Warning (14026): LATCH primitive "SEG:i_seg3|HEX3_D[4]" is permanently enabled
Warning (14026): LATCH primitive "SEG:i_seg3|HEX3_D[6]" is permanently enabled
Warning (14026): LATCH primitive "SEG:i_seg1|HEX1_D[0]" is permanently enabled
Warning (14026): LATCH primitive "SEG:i_seg1|HEX1_D[1]" is permanently enabled
Warning (14026): LATCH primitive "SEG:i_seg1|HEX1_D[2]" is permanently enabled
Warning (14026): LATCH primitive "SEG:i_seg1|HEX1_D[3]" is permanently enabled
Warning (14026): LATCH primitive "SEG:i_seg1|HEX1_D[4]" is permanently enabled
Warning (14026): LATCH primitive "SEG:i_seg1|HEX1_D[5]" is permanently enabled
Warning (14026): LATCH primitive "SEG:i_seg1|HEX1_D[6]" is permanently enabled
Warning (14026): LATCH primitive "SEG:i_seg0|HEX0_D[0]" is permanently enabled
Warning (14026): LATCH primitive "SEG:i_seg0|HEX0_D[1]" is permanently enabled
Warning (14026): LATCH primitive "SEG:i_seg0|HEX0_D[2]" is permanently enabled
Warning (14026): LATCH primitive "SEG:i_seg0|HEX0_D[3]" is permanently enabled
Warning (14026): LATCH primitive "SEG:i_seg0|HEX0_D[4]" is permanently enabled
Warning (14026): LATCH primitive "SEG:i_seg0|HEX0_D[5]" is permanently enabled
Warning (14026): LATCH primitive "SEG:i_seg0|HEX0_D[6]" is permanently enabled
Info (278001): Inferred 3 megafunctions from design logic
    Info (278004): Inferred divider/modulo megafunction ("lpm_divide") from the following logic: "FSM:i_fsm|Div0"
    Info (278004): Inferred divider/modulo megafunction ("lpm_divide") from the following logic: "FSM:i_fsm|Mod0"
    Info (278004): Inferred divider/modulo megafunction ("lpm_divide") from the following logic: "FSM:i_fsm|Mod1"
Info (12130): Elaborated megafunction instantiation "FSM:i_fsm|lpm_divide:Div0"
Info (12133): Instantiated megafunction "FSM:i_fsm|lpm_divide:Div0" with the following parameter:
    Info (12134): Parameter "LPM_WIDTHN" = "5"
    Info (12134): Parameter "LPM_WIDTHD" = "4"
    Info (12134): Parameter "LPM_NREPRESENTATION" = "UNSIGNED"
    Info (12134): Parameter "LPM_DREPRESENTATION" = "UNSIGNED"
Info (12021): Found 1 design units, including 1 entities, in source file db/lpm_divide_7gm.tdf
    Info (12023): Found entity 1: lpm_divide_7gm
Info (12021): Found 1 design units, including 1 entities, in source file db/sign_div_unsign_8kh.tdf
    Info (12023): Found entity 1: sign_div_unsign_8kh
Info (12021): Found 1 design units, including 1 entities, in source file db/alt_u_div_r2f.tdf
    Info (12023): Found entity 1: alt_u_div_r2f
Info (12021): Found 1 design units, including 1 entities, in source file db/add_sub_unc.tdf
    Info (12023): Found entity 1: add_sub_unc
Info (12021): Found 1 design units, including 1 entities, in source file db/add_sub_vnc.tdf
    Info (12023): Found entity 1: add_sub_vnc
Info (12130): Elaborated megafunction instantiation "FSM:i_fsm|lpm_divide:Mod0"
Info (12133): Instantiated megafunction "FSM:i_fsm|lpm_divide:Mod0" with the following parameter:
    Info (12134): Parameter "LPM_WIDTHN" = "5"
    Info (12134): Parameter "LPM_WIDTHD" = "4"
    Info (12134): Parameter "LPM_NREPRESENTATION" = "UNSIGNED"
    Info (12134): Parameter "LPM_DREPRESENTATION" = "UNSIGNED"
Info (12021): Found 1 design units, including 1 entities, in source file db/lpm_divide_a8m.tdf
    Info (12023): Found entity 1: lpm_divide_a8m
Warning (12241): 9 hierarchies have connectivity warnings - see the Connectivity Checks report folder
Warning (13024): Output pins are stuck at VCC or GND
    Warning (13410): Pin "money_H[2]" is stuck at GND
    Warning (13410): Pin "money_H[3]" is stuck at GND
    Warning (13410): Pin "money_H[4]" is stuck at GND
    Warning (13410): Pin "money_L[4]" is stuck at GND
    Warning (13410): Pin "HEX1_D[1]" is stuck at GND
Info (286030): Timing-Driven Synthesis is running
Info (17049): 2 registers lost all their fanouts during netlist optimizations.
Info (16010): Generating hard_block partition "hard_block:auto_generated_inst"
    Info (16011): Adding 0 node(s), including 0 DDIO, 0 PLL, 0 transceiver and 0 LCELL
Warning (21074): Design contains 4 input pin(s) that do not drive logic
    Warning (15610): No output dependent on input pin "SW[5]"
    Warning (15610): No output dependent on input pin "SW[6]"
    Warning (15610): No output dependent on input pin "SW[7]"
    Warning (15610): No output dependent on input pin "SW[8]"
Info (21057): Implemented 164 device resources after synthesis - the final resource count might be different
    Info (21058): Implemented 11 input pins
    Info (21059): Implemented 41 output pins
    Info (21061): Implemented 112 logic cells
Info: Quartus II 64-Bit Analysis & Synthesis was successful. 0 errors, 52 warnings
    Info: Peak virtual memory: 4621 megabytes
    Info: Processing ended: Fri Jan 20 17:25:06 2023
    Info: Elapsed time: 00:00:01
    Info: Total CPU time (on all processors): 00:00:01


